[08/03/17, 10:52:59:254] info: ╔═══════════════════════════════════════════════════════════════════════╗
[08/03/17, 10:52:59:257] info: ║      Slack 2.6.3, darwin 16.6.0 on x64 at 08/03/17, 10:52:59:242      ║
[08/03/17, 10:52:59:258] info: ╚═══════════════════════════════════════════════════════════════════════╝
[08/03/17, 10:52:59:594] info: TraceRecorder: setting up trace recorder, trace will be stored under /Users/virginiakehl/Library/Application Support/Slack/logs/recorded-trace
[08/03/17, 10:53:00:048] info: Store: persist/REHYDRATE
[08/03/17, 10:53:00:051] info: BrowserStore: Let's migrate Redux state
[08/03/17, 10:53:00:052] info: Initializing local storage instance at path: /Users/virginiakehl/Library/Application Support/Slack/redux-state.json
[08/03/17, 10:53:00:054] info: BrowserStore: Let's migrate teams from MacGap
[08/03/17, 10:53:00:055] info: Starting MacGap migration!
[08/03/17, 10:53:00:078] info: Looking in ["/Users/virginiakehl/Library/Containers/com.tinyspeck.slackmacgap/Data/Library/Application Support/Slack","/Users/virginiakehl/Library/Application Support/Slack"]
[08/03/17, 10:53:00:081] info: Couldn't find token file, assuming there are no MacGap settings to migrate
[08/03/17, 10:53:00:082] info: BrowserStore: Finished migration, make a note of it
[08/03/17, 10:53:00:086] info: Store: COMPLETED
{ redux: true, macgap: true }
[08/03/17, 10:53:00:257] info: Store: UPDATE_SETTINGS
{ isDevMode: false,
  appVersion: '2.6.3',
  versionName: 'XO',
  devEnv: null,
  resourcePath: '/Applications/Slack.app/Contents/Resources/app.asar',
  launchedWithLink: null,
  webappSrcPath: null,
  webappParams: null,
  launchOnStartup: false,
  releaseChannel: 'prod',
  openDevToolsOnStart: false,
  logFile: null,
  pretendNotReallyWindows10: false,
  isAeroGlassEnabled: false,
  platformVersion: { major: 16, minor: 6, build: 0 },
  isTitleBarHidden: false,
  linux: undefined }
[08/03/17, 10:53:00:285] info: Store: UPDATE_SETTINGS
{ hasRunApp: true }
[08/03/17, 10:53:00:343] info: Store: ADD_WINDOW
{ windowId: 1, windowType: 'MAIN' }
[08/03/17, 10:53:00:347] info: Loading windowMetrics
[08/03/17, 10:53:00:350] info: Store: SAVE_WINDOW_SETTINGS
{ position: [ 208, 42 ], size: [ 1024, 768 ] }
[08/03/17, 10:53:00:460] info: Store: UPDATE_SETTINGS
{ PrefSSBFileDownloadPath: '/Users/virginiakehl/Downloads' }
[08/03/17, 10:53:00:466] info: App: Welcome to Slack 2.6.3 x64
[08/03/17, 10:53:00:467] info: App load time: 1334ms
[08/03/17, 10:53:00:604] info: MacUpdater: Created updater with URL https://downloads.slack-edge.com/mac_releases
[08/03/17, 10:53:00:606] info: Store: SET_UPDATE_STATUS checking-for-update
[08/03/17, 10:53:00:617] info: Mac Updater: Checking for update. https://downloads.slack-edge.com/mac_releases/releases.json?v=VA9wtlhJK3kEXv1
[08/03/17, 10:53:01:244] info: Mac Updater: We've got the latest version.
[08/03/17, 10:53:01:246] info: Store: SET_UPDATE_STATUS up-to-date
[08/03/17, 10:53:02:297] info: Store: SET_NETWORK_STATUS online
[08/03/17, 10:53:02:330] info: Main window finished load. Launched on login: false
[08/03/17, 10:59:43:058] info: Store: ADD_NEW_TEAM
{ id: 'U6H2PCP8D',
  name: '[REDACTED]',
  team_id: 'T02H8SMCZ',
  team_name: '[REDACTED]',
  team_url: '[REDACTED]' }
[08/03/17, 10:59:43:096] info: Store: SET_LOGIN_DIALOG
[08/03/17, 10:59:47:959] info: Store: SET_TEAM_IDLE_TIMEOUT
{ timeout: 43200 }
[08/03/17, 10:59:51:881] info: Store: SET_TEAM_IDLE_TIMEOUT
{ timeout: 43200 }
[08/03/17, 10:59:52:863] info: Store: SELECT_CHANNEL C02H8SMD7
[08/03/17, 10:59:52:888] info: Store: UPDATE_TEAM_THEME
{ theme: 
   { column_bg: '#4D394B',
     menu_bg: '#3E313C',
     active_item: '#4C9689',
     active_item_text: '#FFFFFF',
     hover_item: '#3E313C',
     text_color: '#FFFFFF',
     active_presence: '#38978D',
     badge: '#EB4D5C' },
  teamId: 'T02H8SMCZ' }
[08/03/17, 10:59:54:130] info: Store: UPDATE_TEAM_ICONS
{ icons: 
   { image_34: 'https://s3-us-west-2.amazonaws.com/slack-files2/avatars/2015-07-21/7974893686_bd700460d68d11db7775_34.jpg',
     image_44: 'https://s3-us-west-2.amazonaws.com/slack-files2/avatars/2015-07-21/7974893686_bd700460d68d11db7775_44.jpg',
     image_68: 'https://s3-us-west-2.amazonaws.com/slack-files2/avatars/2015-07-21/7974893686_bd700460d68d11db7775_68.jpg',
     image_88: 'https://s3-us-west-2.amazonaws.com/slack-files2/avatars/2015-07-21/7974893686_bd700460d68d11db7775_88.jpg',
     image_102: 'https://s3-us-west-2.amazonaws.com/slack-files2/avatars/2015-07-21/7974893686_bd700460d68d11db7775_102.jpg',
     image_132: 'https://s3-us-west-2.amazonaws.com/slack-files2/avatars/2015-07-21/7974893686_bd700460d68d11db7775_132.jpg',
     image_original: 'https://s3-us-west-2.amazonaws.com/slack-files2/avatars/2015-07-21/7974893686_bd700460d68d11db7775_original.jpg',
     image_230: 'https://s3-us-west-2.amazonaws.com/slack-files2/avatars/2015-07-21/7974893686_bd700460d68d11db7775_132.jpg' },
  teamId: 'T02H8SMCZ' }
[08/03/17, 11:00:07:075] info: Store: NEW_NOTIFICATION
{ id: '5Q43u0h2768A5MY',
  title: '[REDACTED]',
  content: '[REDACTED]',
  launchUri: 'slack://channel?id=D6HJVCNQL&message=1501750806.896216&team=T02H8SMCZ',
  imageUri: null,
  channel: 'D6HJVCNQL',
  msg: '1501750806.896216',
  avatarImage: 'https://ca.slack-edge.com/T02H8SMCZ-U02H9TJDA-OS2587615459-512',
  ssbFilename: 'knock_brush.mp3',
  teamId: 'T02H8SMCZ' }
[08/03/17, 11:00:08:989] info: Store: SELECT_CHANNEL D6HJVCNQL
[08/03/17, 11:01:51:115] info: Store: SELECT_CHANNEL D6H0JJL92
[08/03/17, 11:02:02:002] info: Store: SELECT_CHANNEL D6HJVCNQL
[08/03/17, 12:56:37:010] info: Store: SET_SUSPEND_STATUS
[08/03/17, 13:26:30:020] info: Store: SET_SUSPEND_STATUS true
[08/03/17, 13:26:33:128] info: Store: UPDATE_TEAM_ICONS
{ icons: 
   { image_34: 'https://s3-us-west-2.amazonaws.com/slack-files2/avatars/2015-07-21/7974893686_bd700460d68d11db7775_34.jpg',
     image_44: 'https://s3-us-west-2.amazonaws.com/slack-files2/avatars/2015-07-21/7974893686_bd700460d68d11db7775_44.jpg',
     image_68: 'https://s3-us-west-2.amazonaws.com/slack-files2/avatars/2015-07-21/7974893686_bd700460d68d11db7775_68.jpg',
     image_88: 'https://s3-us-west-2.amazonaws.com/slack-files2/avatars/2015-07-21/7974893686_bd700460d68d11db7775_88.jpg',
     image_102: 'https://s3-us-west-2.amazonaws.com/slack-files2/avatars/2015-07-21/7974893686_bd700460d68d11db7775_102.jpg',
     image_132: 'https://s3-us-west-2.amazonaws.com/slack-files2/avatars/2015-07-21/7974893686_bd700460d68d11db7775_132.jpg',
     image_original: 'https://s3-us-west-2.amazonaws.com/slack-files2/avatars/2015-07-21/7974893686_bd700460d68d11db7775_original.jpg',
     image_230: 'https://s3-us-west-2.amazonaws.com/slack-files2/avatars/2015-07-21/7974893686_bd700460d68d11db7775_132.jpg' },
  teamId: 'T02H8SMCZ' }
