info: ╔═══════════════════════════════════════════════════════════════════════╗
info: ║      Slack 2.6.3, darwin 16.6.0 on x64 at 08/03/17, 10:59:43:075      ║
info: ╚═══════════════════════════════════════════════════════════════════════╝
info: 2017/8/3 10:59:46.760  booted! pri:0 version:1501739722 start_ms:1501750786749 (10ms ago)
info: 2017/8/3 10:59:46.764  Starting incremental boot (early)
info: 2017/8/3 10:59:47.916  _onDOMReady
info: 2017/8/3 10:59:47.917  session_load_count_client: 1
warn: 2017/8/3 10:59:47.921  storage_version: does not match TS.storage.version:0.85 so flushing all our keys: is_compressed
info: 2017/8/3 10:59:47.922  _disabled:false
info: 2017/8/3 10:59:47.925 [** 1996 **] socket-manager: Changing from never_connected to prov_connect
info: 2017/8/3 10:59:47.926 [** 1996 **] socket-manager: will stay in prov_connect state for up to 10000 ms
info: 2017/8/3 10:59:47.928 [** 1996 **] socket-manager: Changing from prov_connect to prov_connecting
info: 2017/8/3 10:59:47.928 [** 1996 **] socket-manager: will stay in prov_connecting state for up to 20000 ms
info: ╔═══════════════════════════════════════════════════════════════════════╗
info: ║      Slack 2.6.3, darwin 16.6.0 on x64 at 08/03/17, 10:59:47:965      ║
info: ╚═══════════════════════════════════════════════════════════════════════╝
info: 2017/8/3 10:59:50.730  booted! pri:0 version:1501739722 start_ms:1501750790718 (12ms ago)
info: 2017/8/3 10:59:50.733  Starting incremental boot (early)
info: 2017/8/3 10:59:51.833  _onDOMReady
info: 2017/8/3 10:59:51.848  session_load_count_client: 1
warn: 2017/8/3 10:59:51.851  TS.storage.fetchLastEventTS() is empty so flushing channel data
info: 2017/8/3 10:59:51.852  _disabled:false
info: 2017/8/3 10:59:51.855 [** 1996 **] socket-manager: Changing from never_connected to prov_connect
info: 2017/8/3 10:59:51.855 [** 1996 **] socket-manager: will stay in prov_connect state for up to 10000 ms
info: 2017/8/3 10:59:51.856 [** 1996 **] socket-manager: Changing from prov_connect to prov_connecting
info: 2017/8/3 10:59:51.856 [** 1996 **] socket-manager: will stay in prov_connecting state for up to 20000 ms
info: 2017/8/3 10:59:52.245  args.cache_ts:undefined
api args: {"canonical_avatars":true,"include_full_users":true,"count":49,"ignore_replies":true,"include_pin_count":true,"no_members":true}
members from updated_users in rtm.start:18 (slackbot will always be here)
bots from updated_bots in rtm.start:1
info: 2017/8/3 10:59:52.250  open channels/groups/ims:1 initial_msgs_cnt:42 subsequent_msgs_cnt:84 special_initial_msgs_cnt:84
info: 2017/8/3 10:59:52.388 [** 1996 **] socket-manager: Changing from prov_connecting to prov_connected
info: 2017/8/3 10:59:52.388 [** 1996 **] socket-manager: will stay in prov_connected state for up to 60000 ms
info: 2017/8/3 10:59:52.388 [** 1996 **] socket-manager: will dispatch provisionallyConnectedSig
info: 2017/8/3 10:59:52.389 [** 1996 **] socket-manager: did dispatch provisionallyConnectedSig
info: 2017/8/3 10:59:52.393  Got rtm.start data but need to fetch 2 members
info: 2017/8/3 10:59:52.438  Got 2 members for start data :tada:
warn: 2017/8/3 10:59:52.863  users.prefs.set cannot be called with TS.api.callImmediately because a one-at-a-time call is already pending, so sending to _kickOffACallOrEnqueue for enqueuing
info: 2017/8/3 10:59:52.875  Finalizing incremental boot
warn: 2017/8/3 10:59:52.878  2159ms from first html to login_sig.dispatch()
info: 2017/8/3 10:59:54.990  User id: U6H2PCP8D, team id: T02H8SMCZ
info: 2017/8/3 10:59:54.103  args.cache_ts:undefined
api args: {}
members from updated_users in rtm.start:2 (slackbot will always be here)
bots from updated_bots in rtm.start:0
info: 2017/8/3 10:59:54.114  open channels/groups/ims:4 initial_msgs_cnt:42 subsequent_msgs_cnt:84 special_initial_msgs_cnt:84
info: 2017/8/3 10:59:54.115  Completed incremental boot
info: 2017/8/3 10:59:54.559  BOOT: _maybeFinalizeOrOpenConnectionToMS will finalize SocketManager
info: 2017/8/3 10:59:54.560 [** 1996 **] socket-manager: Changing from prov_connected to prov_finalize
info: 2017/8/3 10:59:54.560 [** 1996 **] socket-manager: will stay in prov_finalize state for up to 10000 ms
info: 2017/8/3 10:59:54.561 [** 1996 **] socket-manager: Changing from prov_finalize to prov_finalizing
info: 2017/8/3 10:59:54.561 [** 1996 **] socket-manager: will stay in prov_finalizing state for up to 10000 ms
info: 2017/8/3 10:59:54.561 [** 1996 **] socket-manager: Changing from prov_finalizing to connected
info: 2017/8/3 10:59:54.562 [** 1996 **] socket-manager: will stay in connected state for up to Infinity ms
info: 2017/8/3 10:59:54.571  Hiding the reconnection banner because we are connected
info: 2017/8/3 10:59:54.713  BOOT: _maybeFinalizeOrOpenConnectionToMS did finalize SocketManager
info: 2017/8/3 10:59:54.714  BOOT: Finished first boot 2882 ms after DOM ready
info: 2017/8/3 10:59:54.714  User id: U6H2PCP8D, team id: T02H8SMCZ
info: 2017/8/3 10:59:55.127  Finished processing users.counts
info: 2017/8/3 10:59:55.128  0 IMs with unreads, 0 total dm_count
warn: 2017/8/3 11:00:07.252  checkInitialMsgHistory NOT DOING ANYTHING, because "D6HJVCNQL" history_is_being_fetched:true
warn: 2017/8/3 11:00:07.265  checkInitialMsgHistory NOT DOING ANYTHING, because "D6HJVCNQL" history_is_being_fetched:true
info: 2017/8/3 11:00:09.670  Not loading scrollback in D6HJVCNQL: We have the oldest msg: 1501750806.896216. is_limited:undefined
warn: 58
info: 2017/8/3 11:02:02.320  Not loading scrollback in D6HJVCNQL: We have the oldest msg: 1501750806.896216. is_limited:undefined
info: 2017/8/3 12:56:37.320  sleep event!
info: 2017/8/3 12:56:37.370 [** 1996 **] socket-manager: Changing from connected to sleep
info: 2017/8/3 12:56:37.520  Hiding the reconnection banner because we are disconnected
info: 2017/8/3 12:56:37.530 [** 1996 **] socket-manager: will stay in sleep state for up to 10000 ms
info: 2017/8/3 12:56:37.540 [** 1996 **] socket-manager: Changing from sleep to sleeping
info: 2017/8/3 12:56:37.540 [** 1996 **] socket-manager: will stay in sleeping state for up to 10000 ms
info: 2017/8/3 12:56:37.550 [** 1996 **] socket-manager: Changing from sleeping to asleep
info: 2017/8/3 12:56:37.550 [** 1996 **] socket-manager: will stay in asleep state for up to Infinity ms
info: 2017/8/3 13:26:30.702  wake event! version:1501739722 start_ms:1501750790718
info: 2017/8/3 13:26:30.702 [** 1996 **] socket-manager: Changing from asleep to connect
info: 2017/8/3 13:26:30.702 [** 1996 **] socket-manager: will stay in connect state for up to 10000 ms
info: 2017/8/3 13:26:30.702 [** 1996 **] socket-manager: Changing from connect to checking_fast_reconnect
info: 2017/8/3 13:26:30.703 [** 1996 **] socket-manager: will stay in checking_fast_reconnect state for up to 60000 ms
info: 2017/8/3 13:26:30.705 [** 1996 **] socket-manager: Changing from checking_fast_reconnect to prov_connect
info: 2017/8/3 13:26:30.706 [** 1996 **] socket-manager: will stay in prov_connect state for up to 10000 ms
info: 2017/8/3 13:26:30.706 [** 1996 **] socket-manager: Changing from prov_connect to prov_connecting
info: 2017/8/3 13:26:30.706 [** 1996 **] socket-manager: will stay in prov_connecting state for up to 20000 ms
error: WebSocket connection to 'wss://mpmulti-jaz6.slack-msgs.com/?flannel=1&token=xoxs-25869⋯&enterprise_id=E00&start_args=%3Fagent%3Dwebapp_9d3170b7fd55e71f3b973926c2f96bfe0974b710%26simple_latest%3Dtrue%26no_unreads%3Dtrue%26presence_sub%3Dtrue%26mpim_aware%3Dtrue%26canonical_avatars%3Dtrue%26eac_cache_ts%3Dtrue%26no_users%3Dtrue%26no_bots%3Dtrue%26no_members%3Dtrue%26cache_ts%3D0%26only_relevant_ims%3Dtrue' failed: Error in connection establishment: net::ERR_NETWORK_CHANGED
info: 2017/8/3 13:26:30.910 [** 1996 **] socket-manager: Changing from prov_connecting to error
info: 2017/8/3 13:26:30.911 [** 1996 **] socket-manager: will stay in error state for up to 10000 ms
info: 2017/8/3 13:26:30.912 [** 1996 **] socket-manager: Changing from error to wait_for_connectivity
info: 2017/8/3 13:26:30.912 [** 1996 **] socket-manager: will stay in wait_for_connectivity state for up to 300000 ms
info: 2017/8/3 13:26:32.538  Internet connection has been re-established after 1 retry attempts; offline for NaN seconds
info: 2017/8/3 13:26:32.539 [** 1996 **] socket-manager: Changing from wait_for_connectivity to wait_for_rate_limit
info: 2017/8/3 13:26:32.540 [** 1996 **] socket-manager: will stay in wait_for_rate_limit state for up to 120000 ms
info: 2017/8/3 13:26:32.542 [** 1996 **] socket-manager: Changing from wait_for_rate_limit to connect
info: 2017/8/3 13:26:32.542 [** 1996 **] socket-manager: will stay in connect state for up to 10000 ms
info: 2017/8/3 13:26:32.543 [** 1996 **] socket-manager: Changing from connect to checking_fast_reconnect
info: 2017/8/3 13:26:32.543 [** 1996 **] socket-manager: will stay in checking_fast_reconnect state for up to 60000 ms
info: 2017/8/3 13:26:32.544 [** 1996 **] socket-manager: Changing from checking_fast_reconnect to prov_connect
info: 2017/8/3 13:26:32.544 [** 1996 **] socket-manager: will stay in prov_connect state for up to 10000 ms
info: 2017/8/3 13:26:32.545 [** 1996 **] socket-manager: Changing from prov_connect to prov_connecting
info: 2017/8/3 13:26:32.545 [** 1996 **] socket-manager: will stay in prov_connecting state for up to 20000 ms
info: 2017/8/3 13:26:33.920 [** 1996 **] socket-manager: Changing from prov_connecting to prov_connected
info: 2017/8/3 13:26:33.920 [** 1996 **] socket-manager: will stay in prov_connected state for up to 60000 ms
info: 2017/8/3 13:26:33.920 [** 1996 **] socket-manager: will dispatch provisionallyConnectedSig
info: 2017/8/3 13:26:33.930 [** 1996 **] socket-manager: did dispatch provisionallyConnectedSig
info: 2017/8/3 13:26:33.930  Got start data from Socket Manager; hydrating it
info: 2017/8/3 13:26:33.950  Got rtm.start data and don't need to fetch any members
info: 2017/8/3 13:26:33.950  Successfully hydrated start data from Socket Manager; processing it
info: 2017/8/3 13:26:33.100  args.cache_ts:undefined
api args: {}
members from updated_users in rtm.start:0 (slackbot will always be here)
bots from updated_bots in rtm.start:0
info: 2017/8/3 13:26:33.110  open channels/groups/ims:5 initial_msgs_cnt:42 subsequent_msgs_cnt:84 special_initial_msgs_cnt:84
info: 2017/8/3 13:26:33.344  BOOT: _maybeFinalizeOrOpenConnectionToMS will finalize SocketManager
info: 2017/8/3 13:26:33.345 [** 1996 **] socket-manager: Changing from prov_connected to prov_finalize
info: 2017/8/3 13:26:33.345 [** 1996 **] socket-manager: will stay in prov_finalize state for up to 10000 ms
info: 2017/8/3 13:26:33.345 [** 1996 **] socket-manager: Changing from prov_finalize to prov_finalizing
info: 2017/8/3 13:26:33.345 [** 1996 **] socket-manager: will stay in prov_finalizing state for up to 10000 ms
info: 2017/8/3 13:26:33.346 [** 1996 **] socket-manager: Changing from prov_finalizing to connected
info: 2017/8/3 13:26:33.346 [** 1996 **] socket-manager: will stay in connected state for up to Infinity ms
info: 2017/8/3 13:26:33.372  Hiding the reconnection banner because we are connected
info: 2017/8/3 13:26:33.377  eventlog: fetching events since 1501752333.708342 (7260.291657924652 seconds ago)
info: 2017/8/3 13:26:33.379  BOOT: _maybeFinalizeOrOpenConnectionToMS did finalize SocketManager
info: 2017/8/3 13:26:33.380  User id: U6H2PCP8D, team id: T02H8SMCZ
info: 2017/8/3 13:26:33.549  eventlog: nothing to process
info: 2017/8/3 13:26:33.550  eventlog: fetched finish (cancelled? false)
info: 2017/8/3 13:26:33.551  eventlog: dispatching signal and clearing timestamp
info: 2017/8/3 13:26:33.870  Finished processing users.counts
info: 2017/8/3 13:26:33.870  0 IMs with unreads, 0 total dm_count
