[08/03/17, 10:59:48:789] info: ╔═══════════════════════════════════════════════════════════════════════╗
[08/03/17, 10:59:48:791] info: ║      Slack 2.6.3, darwin 16.6.0 on x64 at 08/03/17, 10:59:48:780      ║
[08/03/17, 10:59:48:792] info: ╚═══════════════════════════════════════════════════════════════════════╝
[08/03/17, 10:59:49:207] info: updateSuspendResume: true
[08/03/17, 10:59:49:209] info: TouchBarIntegration: Initializing TouchBar classes
[08/03/17, 10:59:51:878] info: Store: SET_TEAM_IDLE_TIMEOUT
{ timeout: 43200, teamId: undefined }
[08/03/17, 10:59:52:860] info: Store: SELECT_CHANNEL C02H8SMD7
[08/03/17, 10:59:52:886] info: Store: UPDATE_TEAM_THEME
{ theme: 
   { column_bg: '#4D394B',
     menu_bg: '#3E313C',
     active_item: '#4C9689',
     active_item_text: '#FFFFFF',
     hover_item: '#3E313C',
     text_color: '#FFFFFF',
     active_presence: '#38978D',
     badge: '#EB4D5C' },
  teamId: 'T02H8SMCZ' }
[08/03/17, 10:59:54:128] info: Store: UPDATE_TEAM_ICONS
{ icons: 
   { image_34: 'https://s3-us-west-2.amazonaws.com/slack-files2/avatars/2015-07-21/7974893686_bd700460d68d11db7775_34.jpg',
     image_44: 'https://s3-us-west-2.amazonaws.com/slack-files2/avatars/2015-07-21/7974893686_bd700460d68d11db7775_44.jpg',
     image_68: 'https://s3-us-west-2.amazonaws.com/slack-files2/avatars/2015-07-21/7974893686_bd700460d68d11db7775_68.jpg',
     image_88: 'https://s3-us-west-2.amazonaws.com/slack-files2/avatars/2015-07-21/7974893686_bd700460d68d11db7775_88.jpg',
     image_102: 'https://s3-us-west-2.amazonaws.com/slack-files2/avatars/2015-07-21/7974893686_bd700460d68d11db7775_102.jpg',
     image_132: 'https://s3-us-west-2.amazonaws.com/slack-files2/avatars/2015-07-21/7974893686_bd700460d68d11db7775_132.jpg',
     image_original: 'https://s3-us-west-2.amazonaws.com/slack-files2/avatars/2015-07-21/7974893686_bd700460d68d11db7775_original.jpg',
     image_230: 'https://s3-us-west-2.amazonaws.com/slack-files2/avatars/2015-07-21/7974893686_bd700460d68d11db7775_132.jpg' },
  teamId: 'T02H8SMCZ' }
[08/03/17, 11:00:07:072] info: Store: NEW_NOTIFICATION
{ id: '5Q43u0h2768A5MY',
  title: '[REDACTED]',
  subtitle: '[REDACTED]',
  content: '[REDACTED]',
  launchUri: 'slack://channel?id=D6HJVCNQL&message=1501750806.896216&team=T02H8SMCZ',
  imageUri: null,
  channel: 'D6HJVCNQL',
  msg: '1501750806.896216',
  avatarImage: 'https://ca.slack-edge.com/T02H8SMCZ-U02H9TJDA-OS2587615459-512',
  ssbFilename: 'knock_brush.mp3',
  interactive: undefined,
  teamId: 'T02H8SMCZ' }
[08/03/17, 11:00:08:986] info: Store: SELECT_CHANNEL D6HJVCNQL
[08/03/17, 11:00:14:993] info: Couldn't get hint text from messages in channel: Failed to fetch recent messages
[08/03/17, 11:01:51:109] info: Store: SELECT_CHANNEL D6H0JJL92
[08/03/17, 11:01:57:114] info: Couldn't get hint text from messages in channel: Failed to fetch recent messages
[08/03/17, 11:02:01:999] info: Store: SELECT_CHANNEL D6HJVCNQL
[08/03/17, 11:02:08:002] info: Couldn't get hint text from messages in channel: Failed to fetch recent messages
[08/03/17, 12:56:37:029] info: updateSuspendResume: false
[08/03/17, 13:26:30:700] info: updateSuspendResume: true
[08/03/17, 13:26:33:123] info: Store: UPDATE_TEAM_ICONS
{ icons: 
   { image_34: 'https://s3-us-west-2.amazonaws.com/slack-files2/avatars/2015-07-21/7974893686_bd700460d68d11db7775_34.jpg',
     image_44: 'https://s3-us-west-2.amazonaws.com/slack-files2/avatars/2015-07-21/7974893686_bd700460d68d11db7775_44.jpg',
     image_68: 'https://s3-us-west-2.amazonaws.com/slack-files2/avatars/2015-07-21/7974893686_bd700460d68d11db7775_68.jpg',
     image_88: 'https://s3-us-west-2.amazonaws.com/slack-files2/avatars/2015-07-21/7974893686_bd700460d68d11db7775_88.jpg',
     image_102: 'https://s3-us-west-2.amazonaws.com/slack-files2/avatars/2015-07-21/7974893686_bd700460d68d11db7775_102.jpg',
     image_132: 'https://s3-us-west-2.amazonaws.com/slack-files2/avatars/2015-07-21/7974893686_bd700460d68d11db7775_132.jpg',
     image_original: 'https://s3-us-west-2.amazonaws.com/slack-files2/avatars/2015-07-21/7974893686_bd700460d68d11db7775_original.jpg',
     image_230: 'https://s3-us-west-2.amazonaws.com/slack-files2/avatars/2015-07-21/7974893686_bd700460d68d11db7775_132.jpg' },
  teamId: 'T02H8SMCZ' }
[08/03/17, 15:43:31:307] info: Store: SELECT_CHANNEL D6H0JJL92
[08/03/17, 15:43:37:306] info: Couldn't get hint text from messages in channel: Failed to fetch recent messages
