[08/03/17, 10:53:03:448] info: ╔═══════════════════════════════════════════════════════════════════════╗
[08/03/17, 10:53:03:450] info: ║      Slack 2.6.3, darwin 16.6.0 on x64 at 08/03/17, 10:53:03:439      ║
[08/03/17, 10:53:03:452] info: ╚═══════════════════════════════════════════════════════════════════════╝
[08/03/17, 10:54:27:257] info: Window is unloading, winssb is no longer accessible
[08/03/17, 10:54:27:592] info: Window is unloading, winssb is no longer accessible
[08/03/17, 10:54:28:711] info: ╔═══════════════════════════════════════════════════════════════════════╗
[08/03/17, 10:54:28:714] info: ║      Slack 2.6.3, darwin 16.6.0 on x64 at 08/03/17, 10:54:28:702      ║
[08/03/17, 10:54:28:715] info: ╚═══════════════════════════════════════════════════════════════════════╝
[08/03/17, 10:55:06:009] info: Window is unloading, winssb is no longer accessible
[08/03/17, 10:55:07:442] info: ╔═══════════════════════════════════════════════════════════════════════╗
[08/03/17, 10:55:07:444] info: ║      Slack 2.6.3, darwin 16.6.0 on x64 at 08/03/17, 10:55:07:438      ║
[08/03/17, 10:55:07:445] info: ╚═══════════════════════════════════════════════════════════════════════╝
[08/03/17, 10:55:24:170] info: Window is unloading, winssb is no longer accessible
[08/03/17, 10:55:25:602] info: ╔═══════════════════════════════════════════════════════════════════════╗
[08/03/17, 10:55:25:604] info: ║      Slack 2.6.3, darwin 16.6.0 on x64 at 08/03/17, 10:55:25:597      ║
[08/03/17, 10:55:25:605] info: ╚═══════════════════════════════════════════════════════════════════════╝
[08/03/17, 10:55:44:234] info: Window is unloading, winssb is no longer accessible
[08/03/17, 10:55:45:623] info: ╔═══════════════════════════════════════════════════════════════════════╗
[08/03/17, 10:55:45:625] info: ║      Slack 2.6.3, darwin 16.6.0 on x64 at 08/03/17, 10:55:45:618      ║
[08/03/17, 10:55:45:626] info: ╚═══════════════════════════════════════════════════════════════════════╝
[08/03/17, 10:56:24:956] info: Window is unloading, winssb is no longer accessible
[08/03/17, 10:56:26:312] info: ╔═══════════════════════════════════════════════════════════════════════╗
[08/03/17, 10:56:26:314] info: ║      Slack 2.6.3, darwin 16.6.0 on x64 at 08/03/17, 10:56:26:308      ║
[08/03/17, 10:56:26:315] info: ╚═══════════════════════════════════════════════════════════════════════╝
[08/03/17, 10:56:55:022] info: Window is unloading, winssb is no longer accessible
[08/03/17, 10:56:56:474] info: ╔═══════════════════════════════════════════════════════════════════════╗
[08/03/17, 10:56:56:476] info: ║      Slack 2.6.3, darwin 16.6.0 on x64 at 08/03/17, 10:56:56:470      ║
[08/03/17, 10:56:56:477] info: ╚═══════════════════════════════════════════════════════════════════════╝
[08/03/17, 10:57:59:647] info: Window is unloading, winssb is no longer accessible
[08/03/17, 10:58:00:730] info: ╔═══════════════════════════════════════════════════════════════════════╗
[08/03/17, 10:58:00:732] info: ║      Slack 2.6.3, darwin 16.6.0 on x64 at 08/03/17, 10:58:00:722      ║
[08/03/17, 10:58:00:734] info: ╚═══════════════════════════════════════════════════════════════════════╝
[08/03/17, 10:58:03:973] info: Window is unloading, winssb is no longer accessible
[08/03/17, 10:58:04:837] info: ╔═══════════════════════════════════════════════════════════════════════╗
[08/03/17, 10:58:04:840] info: ║      Slack 2.6.3, darwin 16.6.0 on x64 at 08/03/17, 10:58:04:832      ║
[08/03/17, 10:58:04:841] info: ╚═══════════════════════════════════════════════════════════════════════╝
[08/03/17, 10:58:53:643] info: Window is unloading, winssb is no longer accessible
[08/03/17, 10:58:54:792] info: Window is unloading, winssb is no longer accessible
[08/03/17, 10:58:56:190] info: ╔═══════════════════════════════════════════════════════════════════════╗
[08/03/17, 10:58:56:192] info: ║      Slack 2.6.3, darwin 16.6.0 on x64 at 08/03/17, 10:58:56:181      ║
[08/03/17, 10:58:56:193] info: ╚═══════════════════════════════════════════════════════════════════════╝
[08/03/17, 10:59:40:298] info: Window is unloading, winssb is no longer accessible
[08/03/17, 10:59:41:291] info: Window is unloading, winssb is no longer accessible
[08/03/17, 10:59:42:739] info: ╔═══════════════════════════════════════════════════════════════════════╗
[08/03/17, 10:59:42:742] info: ║      Slack 2.6.3, darwin 16.6.0 on x64 at 08/03/17, 10:59:42:731      ║
[08/03/17, 10:59:42:743] info: ╚═══════════════════════════════════════════════════════════════════════╝
[08/03/17, 10:59:43:049] info: Store: ADD_NEW_TEAM
{ id: 'U6H2PCP8D',
  name: '[REDACTED]',
  team_id: 'T02H8SMCZ',
  team_name: '[REDACTED]',
  team_url: '[REDACTED]' }
[08/03/17, 10:59:43:054] info: Store: SET_LOGIN_DIALOG
