2017/08/02 09:13:35.870  2824 2962878464 D503   Logger started.
                    
                    
                    
Start:              2017/08/02 09:13:35.991 (MESZ)
Version:            9.0.43731 
ID:                 0
Loglevel:           LogAll (0)
License:            0
Server:             master3.teamviewer.com
IC:                 0
CPU:                Intel(R) Core(TM) i5-4250U CPU @ 1.30GHz
CPU extensions:     g9
OS:                 OSX10.12i (64-bit)
IP:                 192.168.100.32
Proxy-Settings:     Type=1 IP= User=

2017/08/02 09:13:35.998  2824 2962878464 D503    
2017/08/02 09:13:35.998  2824 2962878464 D503   TeamViewer_Desktop Start, agent=1
2017/08/02 09:13:36.163  2824 2962878464 D503   Display found: Color LCD (1440x900) main: 1 / openGL: 0 / active: 1 / sleep: 0 / builtin: 1 / HiDPI: 0 / displayID: 69680128
2017/08/02 09:13:36.163  2824 2962878464 D503   registerSessionSwitchHandler (NSWorkspaceSession)
2017/08/02 09:13:36.164  2824 2962878464 D503   Opening local TCP connection to 127.0.0.1:5940
2017/08/02 09:13:36.165  2824 2962878464 D503   Local TCP connection established
2017/08/02 09:13:36.174  2824 2962878464 D503   Received Control_InitIPC_Response processtype=1
2017/08/02 09:13:36.174  2824 2962878464 D503   Received Control_InitIPC_Response runningProcesses=5
2017/08/02 09:13:36.174  2824 2962878464 D503   Control_InitIPC_Response: all processes 5 completely initialized
2017/08/02 09:13:39.728  2824 2962878464 D503   Received Control_InitIPC processtype=2
2017/08/02 09:13:36.471  2817 2802618816 G503   Logger started.
                    
                    
                    
Start:              2017/08/02 09:13:39.718 (MESZ)
Version:            9.0.43731 
ID:                 0
Loglevel:           LogAll (0)
License:            0
Server:             master10.teamviewer.com
IC:                 0
CPU:                Intel(R) Core(TM) i5-4250U CPU @ 1.30GHz
CPU extensions:     g9
OS:                 OSX10.12i (64-bit)
IP:                 192.168.100.32
Proxy-Settings:     Type=1 IP= User=

2017/08/02 09:13:39.721  2817 2802618816 G503    
2017/08/02 09:13:39.721  2817 2802618816 G503   TeamViewer Start, agent=1
2017/08/02 09:13:39.722  2817 2802618816 G503   Opening local TCP connection to 127.0.0.1:5940, tcp?
2017/08/02 09:13:39.722  2817 2802618816 G503   Local TCP connection established
2017/08/02 09:13:39.729  2817 2802618816 G503   Received Control_InitIPC_Response processtype=1
2017/08/02 09:13:39.729  2817 2802618816 G503   Received Control_InitIPC_Response runningProcesses=7
2017/08/02 09:13:39.730  2817 2802618816 G503   Received Control_InitIPC_Response processtype=4
2017/08/02 09:13:39.734  2817 2802618816 G503   Control_InitIPC_Response: all processes 7 completely initialized
2017/08/02 09:13:39.944  2817 2802618816 G503   Display found: Farb-LCD (1440x900) main: 1 / openGL: 0 / active: 1 / sleep: 0 / builtin: 1 / HiDPI: 0 / displayID: 69680128
2017/08/02 09:13:39.945  2817 2802618816 G503   registerSessionSwitchHandler (NSWorkspaceSession)
2017/08/02 09:13:39.970  2817 2802618816 G503   Auto layout capable nib 'MainWindowRemoteControlViewAutoLayout' found!
2017/08/02 09:13:39.972  2817 2802618816 G503   Auto layout capable nib 'MainWindowMeetingViewAutoLayout' found!
2017/08/02 09:13:39.977  2817 2802618816 G503   Search crashLog
2017/08/02 09:13:39.981  2817 2958217216 G503   IDLabelContent::UpdateImpl() IDs changed: SessionID "878222676", TSUserID "0", ServerID "0"
2017/08/02 09:13:40.822  2817 2802618816 G503   TVAutoUpdate:: choose Version:12.0.81460
2017/08/02 09:13:40.822  2817 2802618816 G503   TVAutoUpdate:: choose Version: Keine gefunden
2017/08/02 09:14:35.707  2817 2958217216 G503   CMainWindow::ShouldShowDynamicPassword(): dynPw=1 allowIncoming=1 id=878222676 ka=0 lanAllowed=0 lanOnly=0 networkState=1
2017/08/02 09:14:35.711  2817 2958217216 G503   CMainWindow::ShouldShowDynamicPassword(): dynPw=1 allowIncoming=1 id=878222676 ka=0 lanAllowed=0 lanOnly=0 networkState=0
2017/08/02 09:18:56.818  2817 2802618816 G503   Received kAEQuitApplication, reason='rest'
2017/08/02 09:18:56.831  2817 2802618816 G503   shutdown
2017/08/02 09:18:56.876  2824 2802618816 D503   TVUserSessionSwitchHandler dealloc (NSWorkspaceSession)
2017/08/02 09:18:56.876  2824 2802618816 D503   UnRegisterSessionEvents (NSWorkspaceSession)
2017/08/02 09:18:56.876  2824 2802618816 D503   CServer::ShutDown: remoteControlSessionPresent=0, fromLocal=0, autoLockOnSessionEnd=0
2017/08/02 09:18:56.880  2824 2962878464 D503   CTcpProcessConnector::HandleRead(): Socket gracefully closed (PID=69)
2017/08/02 09:18:56.880  2824 2962878464 D503   CTcpProcessConnector::CloseConnection(): PID=69
2017/08/02 09:18:56.880  2824 2962878464 D503!  InterProcessBase::EventFunction(): IPC-Connection Closed
2017/08/02 09:18:56.880  2824 2962878464 D503   CTcpProcessConnector::CloseConnection(): PID=69
2017/08/02 09:18:56.880  2824 2962878464 D503!! CTcpProcessConnector::CloseConnection(): Shutdown socket returned error 57: Socket is not connected, Errorcode=57
2017/08/02 09:18:56.880  2824 2962878464 D503!! CTcpProcessConnector::CloseConnection(): Shutdown socket returned error 9: Bad file descriptor
2017/08/02 09:18:56.881  2824 2802618816 D503   TeamViewer_Desktop Stop
2017/08/02 09:18:56.933  2817 2802618816 G503   applicationShouldTerminate
2017/08/02 09:18:56.934  2817 2802618816 G503   applicationWillTerminate
2017/08/02 09:18:56.934  2817 2802618816 G503   TVUserSessionSwitchHandler dealloc (NSWorkspaceSession)
2017/08/02 09:18:56.934  2817 2802618816 G503   UnRegisterSessionEvents (NSWorkspaceSession)
2017/08/02 09:18:56.940  2817 2802618816 G503   ShutDownOnce
2017/08/02 09:18:56.956  2817 2958217216 G503   CMainWindow::ShouldShowDynamicPassword(): dynPw=1 allowIncoming=1 id=878222676 ka=0 lanAllowed=0 lanOnly=0 networkState=1
2017/08/02 09:18:56.958  2817 2958217216 G503   CTcpProcessConnector::HandleRead(): Socket gracefully closed (PID=69)
2017/08/02 09:18:56.958  2817 2958217216 G503   CTcpProcessConnector::CloseConnection(): PID=69
2017/08/02 09:18:56.958  2817 2958217216 G503!  InterProcessBase::EventFunction(): IPC-Connection Closed
2017/08/02 09:18:56.958  2817 2958217216 G503   CTcpProcessConnector::CloseConnection(): PID=69
2017/08/02 09:18:56.958  2817 2958217216 G503!! CTcpProcessConnector::CloseConnection(): Shutdown socket returned error 57: Socket is not connected, Errorcode=57
2017/08/02 09:18:56.958  2817 2958217216 G503!! CTcpProcessConnector::CloseConnection(): Shutdown socket returned error 9: Bad file descriptor
2017/08/02 09:18:56.958  2817 2802618816 G503   TerminateOnce
2017/08/02 09:25:46.815   818 2959417344 D503   Logger started.
                    
                    
                    
Start:              2017/08/02 09:25:47.085 (GMT+2)
Version:            9.0.43731 
ID:                 0
Loglevel:           LogAll (0)
License:            0
Server:             master15.teamviewer.com
IC:                 0
CPU:                Intel(R) Core(TM) i5-4250U CPU @ 1.30GHz
CPU extensions:     g9
OS:                 OSX10.12i (64-bit)
IP:                 192.168.11.89
Proxy-Settings:     Type=1 IP= User=

2017/08/02 09:25:47.088   818 2959417344 D503    
2017/08/02 09:25:47.088   818 2959417344 D503   TeamViewer_Desktop Start, agent=1
2017/08/02 09:25:47.268   818 2959417344 D503   Display found: Color LCD (1440x900) main: 1 / openGL: 0 / active: 1 / sleep: 0 / builtin: 1 / HiDPI: 0 / displayID: 69680128
2017/08/02 09:25:47.268   818 2959417344 D503   registerSessionSwitchHandler (NSWorkspaceSession)
2017/08/02 09:25:47.269   818 2959417344 D503   Opening local TCP connection to 127.0.0.1:5940
2017/08/02 09:25:47.270   818 2959417344 D503   Local TCP connection established
2017/08/02 09:25:47.276   818 2959417344 D503   Received Control_InitIPC_Response processtype=1
2017/08/02 09:25:47.276   818 2959417344 D503   Received Control_InitIPC_Response runningProcesses=5
2017/08/02 09:25:47.276   818 2959417344 D503   Control_InitIPC_Response: all processes 5 completely initialized
2017/08/02 09:25:47.406   818 2959417344 D503   Received Control_InitIPC processtype=2
2017/08/02 09:25:47.065   813 2802618816 G503   Logger started.
                    
                    
                    
Start:              2017/08/02 09:25:47.383 (GMT+2)
Version:            9.0.43731 
ID:                 0
Loglevel:           LogAll (0)
License:            0
Server:             master8.teamviewer.com
IC:                 0
CPU:                Intel(R) Core(TM) i5-4250U CPU @ 1.30GHz
CPU extensions:     g9
OS:                 OSX10.12i (64-bit)
IP:                 192.168.11.89
Proxy-Settings:     Type=1 IP= User=

2017/08/02 09:25:47.388   813 2802618816 G503    
2017/08/02 09:25:47.388   813 2802618816 G503   TeamViewer Start, agent=1
2017/08/02 09:25:47.389   813 2802618816 G503   Opening local TCP connection to 127.0.0.1:5940, tcp?
2017/08/02 09:25:47.393   813 2802618816 G503   Local TCP connection established
2017/08/02 09:25:47.402   813 2802618816 G503   Received Control_InitIPC_Response processtype=1
2017/08/02 09:25:47.402   813 2802618816 G503   Received Control_InitIPC_Response runningProcesses=7
2017/08/02 09:25:47.406   813 2802618816 G503   Received Control_InitIPC_Response processtype=4
2017/08/02 09:25:47.412   813 2802618816 G503   Control_InitIPC_Response: all processes 7 completely initialized
2017/08/02 09:25:47.591   813 2802618816 G503   Display found: Color LCD (1440x900) main: 1 / openGL: 0 / active: 1 / sleep: 0 / builtin: 1 / HiDPI: 0 / displayID: 69680128
2017/08/02 09:25:47.593   813 2802618816 G503   registerSessionSwitchHandler (NSWorkspaceSession)
2017/08/02 09:25:47.615   813 2802618816 G503   Auto layout capable nib 'MainWindowRemoteControlViewAutoLayout' found!
2017/08/02 09:25:47.617   813 2802618816 G503   Auto layout capable nib 'MainWindowMeetingViewAutoLayout' found!
2017/08/02 09:25:47.620   813 2802618816 G503   Search crashLog
2017/08/02 09:25:47.623   813 2959503360 G503   IDLabelContent::UpdateImpl() IDs changed: SessionID "878222676", TSUserID "0", ServerID "0"
2017/08/02 10:31:19.225   813 2959503360 G503   CMainWindow::ShouldShowDynamicPassword(): dynPw=1 allowIncoming=1 id=878222676 ka=0 lanAllowed=0 lanOnly=0 networkState=1
2017/08/02 10:31:20.228   813 2802618816 G503!!!Account::SetVisibility: not logged in, Errorcode=9
2017/08/02 11:26:58.449   813 2959503360 G503   CMainWindow::ShouldShowDynamicPassword(): dynPw=1 allowIncoming=1 id=878222676 ka=0 lanAllowed=0 lanOnly=0 networkState=1
2017/08/02 11:26:58.480   813 2959503360 G503   CMainWindow::ShouldShowDynamicPassword(): dynPw=1 allowIncoming=1 id=878222676 ka=0 lanAllowed=0 lanOnly=0 networkState=0
2017/08/02 11:54:21.861   813 2959503360 G503   CMainWindow::ShouldShowDynamicPassword(): dynPw=1 allowIncoming=1 id=878222676 ka=0 lanAllowed=0 lanOnly=0 networkState=1
2017/08/02 11:54:22.863   813 2802618816 G503!!!Account::SetVisibility: not logged in, Errorcode=9
2017/08/02 14:40:29.758   813 2959503360 G503   CMainWindow::ShouldShowDynamicPassword(): dynPw=1 allowIncoming=1 id=878222676 ka=0 lanAllowed=0 lanOnly=0 networkState=1
2017/08/02 14:40:30.759   813 2802618816 G503!!!Account::SetVisibility: not logged in, Errorcode=9
2017/08/02 17:10:34.130   818 2802618816 D503   ReconfigureDisplayCallback displayID: 69680128, flags: 1
2017/08/02 17:10:34.574   818 2802618816 D503   ReconfigureDisplayCallback displayID: 1104977152, flags: 1
2017/08/02 17:10:35.218   818 2802618816 D503   ReconfigureDisplayCallback displayID: 69680128, flags: 544
2017/08/02 17:10:35.250   818 2802618816 D503   ReconfigureDisplayCallback displayID: 1104977152, flags: 286
2017/08/02 17:10:35.640   818 2802618816 D503   TeamViewer_Desktop received NSWorkspaceSessionDidResignActiveNotification
2017/08/02 17:10:36.911   818 2802618816 D503   DisplayReconfigurationFinished
2017/08/02 17:10:36.916   818 2802618816 D503   Display found: Unknown monitor (1440x900) main: 1 / openGL: 0 / active: 1 / sleep: 0 / builtin: 1 / HiDPI: 0 / displayID: 1104977152
2017/08/02 17:10:36.503   813 2802618816 G503   ReconfigureDisplayCallback displayID: 69680128, flags: 1
2017/08/02 17:10:37.009   813 2802618816 G503   ReconfigureDisplayCallback displayID: 1104977152, flags: 1
2017/08/02 17:10:38.172   813 2802618816 G503   ReconfigureDisplayCallback displayID: 69680128, flags: 544
2017/08/02 17:10:38.203   813 2802618816 G503   ReconfigureDisplayCallback displayID: 1104977152, flags: 286
2017/08/02 17:10:42.533   813 2802618816 G503   TeamViewerGUI received NSWorkspaceSessionDidResignActiveNotification
2017/08/02 17:10:43.610   813 2802618816 G503   DisplayReconfigurationFinished
2017/08/02 17:10:44.101   813 2802618816 G503   Display found: Unknown monitor (1440x900) main: 1 / openGL: 0 / active: 1 / sleep: 0 / builtin: 1 / HiDPI: 0 / displayID: 1104977152
2017/08/02 17:12:29.362   813 2802618816 G503   ReconfigureDisplayCallback displayID: 1104977152, flags: 1
2017/08/02 17:12:29.367   813 2802618816 G503   ReconfigureDisplayCallback displayID: 69680128, flags: 1
2017/08/02 17:12:29.362   818 2802618816 D503   ReconfigureDisplayCallback displayID: 1104977152, flags: 1
2017/08/02 17:12:29.381   818 2802618816 D503   ReconfigureDisplayCallback displayID: 69680128, flags: 1
2017/08/02 17:12:29.640   818 2802618816 D503   ReconfigureDisplayCallback displayID: 1104977152, flags: 4640
2017/08/02 17:12:29.640   818 2802618816 D503   ReconfigureDisplayCallback displayID: 69680128, flags: 4382
2017/08/02 17:12:29.649   818 2802618816 D503   TeamViewer_Desktop received NSWorkspaceSessionDidBecomeActiveNotification
2017/08/02 17:12:29.682   813 2802618816 G503   ReconfigureDisplayCallback displayID: 1104977152, flags: 4640
2017/08/02 17:12:29.737   813 2802618816 G503   ReconfigureDisplayCallback displayID: 69680128, flags: 4382
2017/08/02 17:12:29.747   813 2802618816 G503   TeamViewerGUI received NSWorkspaceSessionDidBecomeActiveNotification
2017/08/02 17:12:30.072   813 2802618816 G503   DisplayReconfigurationFinished
2017/08/02 17:12:30.076   813 2802618816 G503   Display found: Color LCD (1440x900) main: 1 / openGL: 0 / active: 1 / sleep: 0 / builtin: 1 / HiDPI: 0 / displayID: 69680128
2017/08/02 17:12:30.605   818 2802618816 D503   DisplayReconfigurationFinished
2017/08/02 17:12:30.612   818 2802618816 D503   Display found: Color LCD (1440x900) main: 1 / openGL: 0 / active: 1 / sleep: 0 / builtin: 1 / HiDPI: 0 / displayID: 69680128
2017/08/02 17:13:57.366   818 2802618816 D503   ReconfigureDisplayCallback displayID: 69680128, flags: 1
2017/08/02 17:13:57.368   813 2802618816 G503   ReconfigureDisplayCallback displayID: 69680128, flags: 1
2017/08/02 17:13:57.368   813 2802618816 G503   ReconfigureDisplayCallback displayID: 1104977152, flags: 1
2017/08/02 17:13:57.394   818 2802618816 D503   ReconfigureDisplayCallback displayID: 1104977152, flags: 1
2017/08/02 17:13:57.399   818 2802618816 D503   ReconfigureDisplayCallback displayID: 69680128, flags: 544
2017/08/02 17:13:57.399   818 2802618816 D503   ReconfigureDisplayCallback displayID: 1104977152, flags: 286
2017/08/02 17:13:57.402   813 2802618816 G503   ReconfigureDisplayCallback displayID: 69680128, flags: 544
2017/08/02 17:13:57.403   813 2802618816 G503   ReconfigureDisplayCallback displayID: 1104977152, flags: 286
2017/08/02 17:13:57.534   818 2802618816 D503   TeamViewer_Desktop received NSWorkspaceSessionDidResignActiveNotification
2017/08/02 17:13:57.704   818 2802618816 D503   DisplayReconfigurationFinished
2017/08/02 17:13:57.705   818 2802618816 D503   Display found: Unknown monitor (1440x900) main: 1 / openGL: 0 / active: 1 / sleep: 0 / builtin: 1 / HiDPI: 0 / displayID: 1104977152
2017/08/02 17:13:57.710   813 2802618816 G503   TeamViewerGUI received NSWorkspaceSessionDidResignActiveNotification
2017/08/02 17:13:58.012   813 2802618816 G503   DisplayReconfigurationFinished
2017/08/02 17:13:58.013   813 2802618816 G503   Display found: Unknown monitor (1440x900) main: 1 / openGL: 0 / active: 1 / sleep: 0 / builtin: 1 / HiDPI: 0 / displayID: 1104977152
2017/08/02 17:14:23.739   818 2802618816 D503   ReconfigureDisplayCallback displayID: 1104977152, flags: 1
2017/08/02 17:14:23.739   818 2802618816 D503   ReconfigureDisplayCallback displayID: 69680128, flags: 1
2017/08/02 17:14:23.739   813 2802618816 G503   ReconfigureDisplayCallback displayID: 1104977152, flags: 1
2017/08/02 17:14:23.740   813 2802618816 G503   ReconfigureDisplayCallback displayID: 69680128, flags: 1
2017/08/02 17:14:23.793   818 2802618816 D503   ReconfigureDisplayCallback displayID: 1104977152, flags: 4640
2017/08/02 17:14:23.794   818 2802618816 D503   ReconfigureDisplayCallback displayID: 69680128, flags: 4382
2017/08/02 17:14:23.874   818 2802618816 D503   TeamViewer_Desktop received NSWorkspaceSessionDidBecomeActiveNotification
2017/08/02 17:14:23.893   813 2802618816 G503   ReconfigureDisplayCallback displayID: 1104977152, flags: 4640
2017/08/02 17:14:23.893   813 2802618816 G503   ReconfigureDisplayCallback displayID: 69680128, flags: 4382
2017/08/02 17:14:23.894   813 2802618816 G503   TeamViewerGUI received NSWorkspaceSessionDidBecomeActiveNotification
2017/08/02 17:14:24.175   818 2802618816 D503   DisplayReconfigurationFinished
2017/08/02 17:14:24.188   818 2802618816 D503   Display found: Color LCD (1440x900) main: 1 / openGL: 0 / active: 1 / sleep: 0 / builtin: 1 / HiDPI: 0 / displayID: 69680128
2017/08/02 17:14:24.265   813 2802618816 G503   DisplayReconfigurationFinished
2017/08/02 17:14:24.269   813 2802618816 G503   Display found: Color LCD (1440x900) main: 1 / openGL: 0 / active: 1 / sleep: 0 / builtin: 1 / HiDPI: 0 / displayID: 69680128
2017/08/02 17:14:52.163   813 2802618816 G503   Received kAEQuitApplication, reason='rlgo'
2017/08/02 17:14:52.175   813 2802618816 G503   applicationShouldTerminate
2017/08/02 17:14:52.183   813 2802618816 G503   applicationWillTerminate
2017/08/02 17:14:52.183   813 2802618816 G503   TVUserSessionSwitchHandler dealloc (NSWorkspaceSession)
2017/08/02 17:14:52.183   813 2802618816 G503   UnRegisterSessionEvents (NSWorkspaceSession)
2017/08/02 17:14:52.290   813 2802618816 G503   ShutDownOnce
2017/08/02 17:14:52.349   813 2802618816 G503   CMessageLayer::DisplayBCommandMessage(): canceled
2017/08/02 17:14:52.352   813 2959503360 G503   CTcpProcessConnector::HandleRead(): Socket gracefully closed (PID=70)
2017/08/02 17:14:52.352   818 2959417344 D503   Received Control_DisconnectIPC processtype=2
2017/08/02 17:14:52.352   813 2959503360 G503   CTcpProcessConnector::CloseConnection(): PID=70
2017/08/02 17:14:52.352   813 2959503360 G503!  InterProcessBase::EventFunction(): IPC-Connection Closed
2017/08/02 17:14:52.352   813 2959503360 G503   CTcpProcessConnector::CloseConnection(): PID=70
2017/08/02 17:14:52.353   813 2959503360 G503!! CTcpProcessConnector::CloseConnection(): Shutdown socket returned error 57: Socket is not connected, Errorcode=57
2017/08/02 17:14:52.353   813 2959503360 G503!! CTcpProcessConnector::CloseConnection(): Shutdown socket returned error 9: Bad file descriptor
2017/08/02 17:14:52.354   813 2802618816 G503   TerminateOnce
2017/08/02 17:14:52.355   818 2959417344 D503   Received Control_DisconnectIPC processtype=2
2017/08/02 17:14:52.950   818 2802618816 D503   TVUserSessionSwitchHandler dealloc (NSWorkspaceSession)
2017/08/02 17:14:52.950   818 2802618816 D503   UnRegisterSessionEvents (NSWorkspaceSession)
2017/08/02 17:14:52.952   818 2802618816 D503   CServer::ShutDown: remoteControlSessionPresent=0, fromLocal=0, autoLockOnSessionEnd=0
2017/08/02 17:14:52.959   818 2959417344 D503   CTcpProcessConnector::HandleRead(): Socket gracefully closed (PID=70)
2017/08/02 17:14:52.960   818 2959417344 D503   CTcpProcessConnector::CloseConnection(): PID=70
2017/08/02 17:14:52.971   818 2959417344 D503!  InterProcessBase::EventFunction(): IPC-Connection Closed
2017/08/02 17:14:52.971   818 2959417344 D503   CTcpProcessConnector::CloseConnection(): PID=70
2017/08/02 17:14:52.976   818 2959417344 D503!! CTcpProcessConnector::CloseConnection(): Shutdown socket returned error 57: Socket is not connected, Errorcode=57
2017/08/02 17:14:52.976   818 2959417344 D503!! CTcpProcessConnector::CloseConnection(): Shutdown socket returned error 9: Bad file descriptor
2017/08/02 17:14:52.978   818 2802618816 D503   TeamViewer_Desktop Stop
2017/08/02 17:20:59.277  1534 2960801792 D503   Logger started.
                    
                    
                    
Start:              2017/08/02 17:21:00.537 (GMT+2)
Version:            9.0.43731 
ID:                 0
Loglevel:           LogAll (0)
License:            0
Server:             master13.teamviewer.com
IC:                 0
CPU:                Intel(R) Core(TM) i5-4250U CPU @ 1.30GHz
CPU extensions:     g9
OS:                 OSX10.12i (64-bit)
IP:                 192.168.11.89
Proxy-Settings:     Type=1 IP= User=

2017/08/02 17:21:00.634  1534 2960801792 D503    
2017/08/02 17:21:00.634  1534 2960801792 D503   TeamViewer_Desktop Start, agent=1
2017/08/02 17:21:02.086  1534 2960801792 D503   Display found: Color LCD (1440x900) main: 1 / openGL: 0 / active: 1 / sleep: 0 / builtin: 1 / HiDPI: 0 / displayID: 69680128
2017/08/02 17:21:02.086  1534 2960801792 D503   registerSessionSwitchHandler (NSWorkspaceSession)
2017/08/02 17:21:02.087  1534 2960801792 D503   Opening local TCP connection to 127.0.0.1:5940
2017/08/02 17:21:02.088  1534 2960801792 D503   Local TCP connection established
2017/08/02 17:21:02.128  1534 2960801792 D503   Received Control_InitIPC_Response processtype=1
2017/08/02 17:21:02.128  1534 2960801792 D503   Received Control_InitIPC_Response runningProcesses=5
2017/08/02 17:21:02.128  1534 2960801792 D503   Control_InitIPC_Response: all processes 5 completely initialized
2017/08/02 17:21:02.424  1534 2960801792 D503   Received Control_InitIPC processtype=2
2017/08/02 17:20:59.366  1528 2800988608 G503   Logger started.
                    
                    
                    
Start:              2017/08/02 17:21:02.389 (GMT+2)
Version:            9.0.43731 
ID:                 0
Loglevel:           LogAll (0)
License:            0
Server:             master14.teamviewer.com
IC:                 0
CPU:                Intel(R) Core(TM) i5-4250U CPU @ 1.30GHz
CPU extensions:     g9
OS:                 OSX10.12i (64-bit)
IP:                 192.168.11.89
Proxy-Settings:     Type=1 IP= User=

2017/08/02 17:21:02.393  1528 2800988608 G503    
2017/08/02 17:21:02.393  1528 2800988608 G503   TeamViewer Start, agent=1
2017/08/02 17:21:02.398  1528 2800988608 G503   Opening local TCP connection to 127.0.0.1:5940, tcp?
2017/08/02 17:21:02.399  1528 2800988608 G503   Local TCP connection established
2017/08/02 17:21:02.422  1528 2800988608 G503   Received Control_InitIPC_Response processtype=1
2017/08/02 17:21:02.422  1528 2800988608 G503   Received Control_InitIPC_Response runningProcesses=7
2017/08/02 17:21:02.424  1528 2800988608 G503   Received Control_InitIPC_Response processtype=4
2017/08/02 17:21:02.428  1528 2800988608 G503   Control_InitIPC_Response: all processes 7 completely initialized
2017/08/02 17:21:02.887  1528 2800988608 G503   Display found: Color LCD (1440x900) main: 1 / openGL: 0 / active: 1 / sleep: 0 / builtin: 1 / HiDPI: 0 / displayID: 69680128
2017/08/02 17:21:02.889  1528 2800988608 G503   registerSessionSwitchHandler (NSWorkspaceSession)
2017/08/02 17:21:02.923  1528 2800988608 G503   Auto layout capable nib 'MainWindowRemoteControlViewAutoLayout' found!
2017/08/02 17:21:02.926  1528 2800988608 G503   Auto layout capable nib 'MainWindowMeetingViewAutoLayout' found!
2017/08/02 17:21:02.930  1528 2800988608 G503   Search crashLog
2017/08/02 17:21:02.948  1528 2961100800 G503   IDLabelContent::UpdateImpl() IDs changed: SessionID "878222676", TSUserID "0", ServerID "0"
2017/08/02 17:55:17.249  1528 2800988608 G503   Received kAEQuitApplication, reason='rlgo'
2017/08/02 17:55:17.258  1528 2800988608 G503   applicationShouldTerminate
2017/08/02 17:55:17.264  1528 2800988608 G503   applicationWillTerminate
2017/08/02 17:55:17.264  1528 2800988608 G503   TVUserSessionSwitchHandler dealloc (NSWorkspaceSession)
2017/08/02 17:55:17.264  1528 2800988608 G503   UnRegisterSessionEvents (NSWorkspaceSession)
2017/08/02 17:55:17.301  1528 2800988608 G503   ShutDownOnce
2017/08/02 17:55:17.335  1528 2800988608 G503   CMessageLayer::DisplayBCommandMessage(): canceled
2017/08/02 17:55:17.336  1528 2961100800 G503   CTcpProcessConnector::HandleRead(): Socket gracefully closed (PID=70)
2017/08/02 17:55:17.336  1534 2960801792 D503   Received Control_DisconnectIPC processtype=2
2017/08/02 17:55:17.336  1528 2961100800 G503   CTcpProcessConnector::CloseConnection(): PID=70
2017/08/02 17:55:17.336  1528 2961100800 G503!  InterProcessBase::EventFunction(): IPC-Connection Closed
2017/08/02 17:55:17.336  1528 2961100800 G503   CTcpProcessConnector::CloseConnection(): PID=70
2017/08/02 17:55:17.337  1528 2961100800 G503!! CTcpProcessConnector::CloseConnection(): Shutdown socket returned error 57: Socket is not connected, Errorcode=57
2017/08/02 17:55:17.337  1528 2961100800 G503!! CTcpProcessConnector::CloseConnection(): Shutdown socket returned error 9: Bad file descriptor
2017/08/02 17:55:17.337  1528 2800988608 G503   TerminateOnce
2017/08/02 17:55:17.338  1534 2960801792 D503   Received Control_DisconnectIPC processtype=2
2017/08/02 17:55:18.624  1534 2800988608 D503   TVUserSessionSwitchHandler dealloc (NSWorkspaceSession)
2017/08/02 17:55:18.624  1534 2800988608 D503   UnRegisterSessionEvents (NSWorkspaceSession)
2017/08/02 17:55:18.625  1534 2800988608 D503   CServer::ShutDown: remoteControlSessionPresent=0, fromLocal=0, autoLockOnSessionEnd=0
2017/08/02 17:55:18.625  1534 2960801792 D503   CTcpProcessConnector::HandleRead(): Socket gracefully closed (PID=70)
2017/08/02 17:55:18.625  1534 2960801792 D503   CTcpProcessConnector::CloseConnection(): PID=70
2017/08/02 17:55:18.625  1534 2960801792 D503!  InterProcessBase::EventFunction(): IPC-Connection Closed
2017/08/02 17:55:18.625  1534 2960801792 D503   CTcpProcessConnector::CloseConnection(): PID=70
2017/08/02 17:55:18.626  1534 2960801792 D503!! CTcpProcessConnector::CloseConnection(): Shutdown socket returned error 57: Socket is not connected, Errorcode=57
2017/08/02 17:55:18.626  1534 2960801792 D503!! CTcpProcessConnector::CloseConnection(): Shutdown socket returned error 9: Bad file descriptor
2017/08/02 17:55:18.626  1534 2800988608 D503   TeamViewer_Desktop Stop
2017/08/02 17:56:46.131  6249 2959384576 D503   Logger started.
                    
                    
                    
Start:              2017/08/02 17:56:46.337 (GMT+2)
Version:            9.0.43731 
ID:                 0
Loglevel:           LogAll (0)
License:            0
Server:             master8.teamviewer.com
IC:                 0
CPU:                Intel(R) Core(TM) i5-4250U CPU @ 1.30GHz
CPU extensions:     g9
OS:                 OSX10.12i (64-bit)
IP:                 192.168.11.89
Proxy-Settings:     Type=1 IP= User=

2017/08/02 17:56:46.340  6249 2959384576 D503    
2017/08/02 17:56:46.340  6249 2959384576 D503   TeamViewer_Desktop Start, agent=1
2017/08/02 17:56:46.562  6249 2959384576 D503   Display found: Color LCD (1440x900) main: 1 / openGL: 0 / active: 1 / sleep: 0 / builtin: 1 / HiDPI: 0 / displayID: 69680128
2017/08/02 17:56:46.563  6249 2959384576 D503   registerSessionSwitchHandler (NSWorkspaceSession)
2017/08/02 17:56:46.564  6249 2959384576 D503   Opening local TCP connection to 127.0.0.1:5940
2017/08/02 17:56:46.564  6249 2959384576 D503   Local TCP connection established
2017/08/02 17:56:46.571  6249 2959384576 D503   Received Control_InitIPC_Response processtype=1
2017/08/02 17:56:46.571  6249 2959384576 D503   Received Control_InitIPC_Response runningProcesses=5
2017/08/02 17:56:46.571  6249 2959384576 D503   Control_InitIPC_Response: all processes 5 completely initialized
2017/08/02 17:56:46.909  6249 2959384576 D503   Received Control_InitIPC processtype=2
2017/08/02 17:56:46.258  6243 2800988608 G503   Logger started.
                    
                    
                    
Start:              2017/08/02 17:56:46.886 (GMT+2)
Version:            9.0.43731 
ID:                 0
Loglevel:           LogAll (0)
License:            0
Server:             master16.teamviewer.com
IC:                 0
CPU:                Intel(R) Core(TM) i5-4250U CPU @ 1.30GHz
CPU extensions:     g9
OS:                 OSX10.12i (64-bit)
IP:                 192.168.11.89
Proxy-Settings:     Type=1 IP= User=

2017/08/02 17:56:46.889  6243 2800988608 G503    
2017/08/02 17:56:46.889  6243 2800988608 G503   TeamViewer Start, agent=1
2017/08/02 17:56:46.893  6243 2800988608 G503   Opening local TCP connection to 127.0.0.1:5940, tcp?
2017/08/02 17:56:46.894  6243 2800988608 G503   Local TCP connection established
2017/08/02 17:56:46.932  6243 2800988608 G503   Received Control_InitIPC_Response processtype=1
2017/08/02 17:56:46.932  6243 2800988608 G503   Received Control_InitIPC_Response runningProcesses=7
2017/08/02 17:56:46.933  6243 2800988608 G503   Received Control_InitIPC_Response processtype=4
2017/08/02 17:56:46.938  6243 2800988608 G503   Control_InitIPC_Response: all processes 7 completely initialized
2017/08/02 17:56:47.242  6243 2800988608 G503   Display found: Color LCD (1440x900) main: 1 / openGL: 0 / active: 1 / sleep: 0 / builtin: 1 / HiDPI: 0 / displayID: 69680128
2017/08/02 17:56:47.243  6243 2800988608 G503   registerSessionSwitchHandler (NSWorkspaceSession)
2017/08/02 17:56:47.270  6243 2800988608 G503   Auto layout capable nib 'MainWindowRemoteControlViewAutoLayout' found!
2017/08/02 17:56:47.273  6243 2800988608 G503   Auto layout capable nib 'MainWindowMeetingViewAutoLayout' found!
2017/08/02 17:56:47.277  6243 2800988608 G503   Search crashLog
2017/08/02 17:56:47.281  6243 2957156352 G503   IDLabelContent::UpdateImpl() IDs changed: SessionID "878222676", TSUserID "0", ServerID "0"
2017/08/02 17:56:47.304  6243 2957156352 G503!  InterProcessGUI::ProcessBuddyCommand Command 38 not handled
2017/08/02 17:57:23.778  6243 2800988608 G503   ReconfigureDisplayCallback displayID: 69680128, flags: 1
2017/08/02 17:57:23.800  6243 2800988608 G503   ReconfigureDisplayCallback displayID: 1104977152, flags: 1
2017/08/02 17:57:23.813  6249 2800988608 D503   ReconfigureDisplayCallback displayID: 69680128, flags: 1
2017/08/02 17:57:23.813  6249 2800988608 D503   ReconfigureDisplayCallback displayID: 1104977152, flags: 1
2017/08/02 17:57:23.814  6243 2800988608 G503   ReconfigureDisplayCallback displayID: 69680128, flags: 544
2017/08/02 17:57:23.814  6243 2800988608 G503   ReconfigureDisplayCallback displayID: 1104977152, flags: 286
2017/08/02 17:57:23.815  6249 2800988608 D503   ReconfigureDisplayCallback displayID: 69680128, flags: 544
2017/08/02 17:57:23.815  6249 2800988608 D503   ReconfigureDisplayCallback displayID: 1104977152, flags: 286
2017/08/02 17:57:23.826  6249 2800988608 D503   TeamViewer_Desktop received NSWorkspaceSessionDidResignActiveNotification
2017/08/02 17:57:23.832  6243 2800988608 G503   TeamViewerGUI received NSWorkspaceSessionDidResignActiveNotification
2017/08/02 17:57:24.140  6249 2800988608 D503   DisplayReconfigurationFinished
2017/08/02 17:57:24.140  6243 2800988608 G503   DisplayReconfigurationFinished
2017/08/02 17:57:24.141  6249 2800988608 D503   Display found: Unknown monitor (1440x900) main: 1 / openGL: 0 / active: 1 / sleep: 0 / builtin: 1 / HiDPI: 0 / displayID: 1104977152
2017/08/02 17:57:24.141  6243 2800988608 G503   Display found: Unknown monitor (1440x900) main: 1 / openGL: 0 / active: 1 / sleep: 0 / builtin: 1 / HiDPI: 0 / displayID: 1104977152
2017/08/02 17:57:41.629  6249 2800988608 D503   ReconfigureDisplayCallback displayID: 1104977152, flags: 1
2017/08/02 17:57:41.629  6249 2800988608 D503   ReconfigureDisplayCallback displayID: 69680128, flags: 1
2017/08/02 17:57:41.633  6243 2800988608 G503   ReconfigureDisplayCallback displayID: 1104977152, flags: 1
2017/08/02 17:57:41.633  6243 2800988608 G503   ReconfigureDisplayCallback displayID: 69680128, flags: 1
2017/08/02 17:57:41.688  6249 2800988608 D503   ReconfigureDisplayCallback displayID: 1104977152, flags: 4640
2017/08/02 17:57:41.689  6249 2800988608 D503   ReconfigureDisplayCallback displayID: 69680128, flags: 4382
2017/08/02 17:57:41.741  6243 2800988608 G503   ReconfigureDisplayCallback displayID: 1104977152, flags: 4640
2017/08/02 17:57:41.741  6243 2800988608 G503   ReconfigureDisplayCallback displayID: 69680128, flags: 4382
2017/08/02 17:57:41.748  6249 2800988608 D503   TeamViewer_Desktop received NSWorkspaceSessionDidBecomeActiveNotification
2017/08/02 17:57:41.751  6243 2800988608 G503   TeamViewerGUI received NSWorkspaceSessionDidBecomeActiveNotification
2017/08/02 17:57:42.112  6249 2800988608 D503   DisplayReconfigurationFinished
2017/08/02 17:57:42.117  6249 2800988608 D503   Display found: Color LCD (1440x900) main: 1 / openGL: 0 / active: 1 / sleep: 0 / builtin: 1 / HiDPI: 0 / displayID: 69680128
2017/08/02 17:57:42.125  6243 2800988608 G503   DisplayReconfigurationFinished
2017/08/02 17:57:42.131  6243 2800988608 G503   Display found: Color LCD (1440x900) main: 1 / openGL: 0 / active: 1 / sleep: 0 / builtin: 1 / HiDPI: 0 / displayID: 69680128
2017/08/02 17:59:01.610  6249 2800988608 D503   ReconfigureDisplayCallback displayID: 69680128, flags: 1
2017/08/02 17:59:01.610  6243 2800988608 G503   ReconfigureDisplayCallback displayID: 69680128, flags: 1
2017/08/02 17:59:01.611  6243 2800988608 G503   ReconfigureDisplayCallback displayID: 1104977152, flags: 1
2017/08/02 17:59:01.611  6249 2800988608 D503   ReconfigureDisplayCallback displayID: 1104977152, flags: 1
2017/08/02 17:59:01.622  6249 2800988608 D503   ReconfigureDisplayCallback displayID: 69680128, flags: 544
2017/08/02 17:59:01.623  6249 2800988608 D503   ReconfigureDisplayCallback displayID: 1104977152, flags: 286
2017/08/02 17:59:01.623  6243 2800988608 G503   ReconfigureDisplayCallback displayID: 69680128, flags: 544
2017/08/02 17:59:01.623  6243 2800988608 G503   ReconfigureDisplayCallback displayID: 1104977152, flags: 286
2017/08/02 17:59:01.654  6249 2800988608 D503   TeamViewer_Desktop received NSWorkspaceSessionDidResignActiveNotification
2017/08/02 17:59:01.658  6243 2800988608 G503   TeamViewerGUI received NSWorkspaceSessionDidResignActiveNotification
2017/08/02 17:59:01.971  6249 2800988608 D503   DisplayReconfigurationFinished
2017/08/02 17:59:01.972  6249 2800988608 D503   Display found: Unknown monitor (1440x900) main: 1 / openGL: 0 / active: 1 / sleep: 0 / builtin: 1 / HiDPI: 0 / displayID: 1104977152
2017/08/02 17:59:01.972  6243 2800988608 G503   DisplayReconfigurationFinished
2017/08/02 17:59:01.973  6243 2800988608 G503   Display found: Unknown monitor (1440x900) main: 1 / openGL: 0 / active: 1 / sleep: 0 / builtin: 1 / HiDPI: 0 / displayID: 1104977152
2017/08/02 17:59:07.836  6249 2800988608 D503   ReconfigureDisplayCallback displayID: 1104977152, flags: 1
2017/08/02 17:59:07.836  6249 2800988608 D503   ReconfigureDisplayCallback displayID: 69680128, flags: 1
2017/08/02 17:59:07.838  6243 2800988608 G503   ReconfigureDisplayCallback displayID: 1104977152, flags: 1
2017/08/02 17:59:07.838  6243 2800988608 G503   ReconfigureDisplayCallback displayID: 69680128, flags: 1
2017/08/02 17:59:07.974  6243 2800988608 G503   ReconfigureDisplayCallback displayID: 1104977152, flags: 4640
2017/08/02 17:59:07.975  6243 2800988608 G503   ReconfigureDisplayCallback displayID: 69680128, flags: 4382
2017/08/02 17:59:07.975  6243 2800988608 G503   TeamViewerGUI received NSWorkspaceSessionDidBecomeActiveNotification
2017/08/02 17:59:07.976  6249 2800988608 D503   ReconfigureDisplayCallback displayID: 1104977152, flags: 4640
2017/08/02 17:59:07.976  6249 2800988608 D503   ReconfigureDisplayCallback displayID: 69680128, flags: 4382
2017/08/02 17:59:07.978  6249 2800988608 D503   TeamViewer_Desktop received NSWorkspaceSessionDidBecomeActiveNotification
2017/08/02 17:59:08.341  6243 2800988608 G503   DisplayReconfigurationFinished
2017/08/02 17:59:08.345  6243 2800988608 G503   Display found: Color LCD (1440x900) main: 1 / openGL: 0 / active: 1 / sleep: 0 / builtin: 1 / HiDPI: 0 / displayID: 69680128
2017/08/02 17:59:08.611  6249 2800988608 D503   DisplayReconfigurationFinished
2017/08/02 17:59:08.615  6249 2800988608 D503   Display found: Color LCD (1440x900) main: 1 / openGL: 0 / active: 1 / sleep: 0 / builtin: 1 / HiDPI: 0 / displayID: 69680128
2017/08/02 18:00:11.244  6249 2800988608 D503   ReconfigureDisplayCallback displayID: 69680128, flags: 1
2017/08/02 18:00:11.245  6249 2800988608 D503   ReconfigureDisplayCallback displayID: 1104977152, flags: 1
2017/08/02 18:00:11.246  6243 2800988608 G503   ReconfigureDisplayCallback displayID: 69680128, flags: 1
2017/08/02 18:00:11.247  6243 2800988608 G503   ReconfigureDisplayCallback displayID: 1104977152, flags: 1
2017/08/02 18:00:11.260  6249 2800988608 D503   ReconfigureDisplayCallback displayID: 69680128, flags: 544
2017/08/02 18:00:11.260  6249 2800988608 D503   ReconfigureDisplayCallback displayID: 1104977152, flags: 286
2017/08/02 18:00:11.263  6243 2800988608 G503   ReconfigureDisplayCallback displayID: 69680128, flags: 544
2017/08/02 18:00:11.264  6243 2800988608 G503   ReconfigureDisplayCallback displayID: 1104977152, flags: 286
2017/08/02 18:00:11.292  6249 2800988608 D503   TeamViewer_Desktop received NSWorkspaceSessionDidResignActiveNotification
2017/08/02 18:00:11.292  6243 2800988608 G503   TeamViewerGUI received NSWorkspaceSessionDidResignActiveNotification
2017/08/02 18:00:11.697  6249 2800988608 D503   DisplayReconfigurationFinished
2017/08/02 18:00:11.698  6249 2800988608 D503   Display found: Unknown monitor (1440x900) main: 1 / openGL: 0 / active: 1 / sleep: 0 / builtin: 1 / HiDPI: 0 / displayID: 1104977152
2017/08/02 18:00:11.699  6243 2800988608 G503   DisplayReconfigurationFinished
2017/08/02 18:00:11.706  6243 2800988608 G503   Display found: Unknown monitor (1440x900) main: 1 / openGL: 0 / active: 1 / sleep: 0 / builtin: 1 / HiDPI: 0 / displayID: 1104977152
2017/08/02 18:00:29.527  6243 2957156352 G503   CMainWindow::ShouldShowDynamicPassword(): dynPw=1 allowIncoming=1 id=878222676 ka=0 lanAllowed=0 lanOnly=0 networkState=1
2017/08/02 18:01:16.614  6249 2800988608 D503   ReconfigureDisplayCallback displayID: 1104977152, flags: 1
2017/08/02 18:01:16.616  6249 2800988608 D503   ReconfigureDisplayCallback displayID: 69680128, flags: 1
2017/08/02 18:01:16.630  6249 2800988608 D503   ReconfigureDisplayCallback displayID: 1104977152, flags: 4640
2017/08/02 18:01:16.630  6249 2800988608 D503   ReconfigureDisplayCallback displayID: 69680128, flags: 4382
2017/08/02 18:01:16.631  6243 2800988608 G503   ReconfigureDisplayCallback displayID: 1104977152, flags: 1
2017/08/02 18:01:16.631  6243 2800988608 G503   ReconfigureDisplayCallback displayID: 69680128, flags: 1
2017/08/02 18:01:16.632  6243 2800988608 G503   ReconfigureDisplayCallback displayID: 1104977152, flags: 4640
2017/08/02 18:01:16.632  6243 2800988608 G503   ReconfigureDisplayCallback displayID: 69680128, flags: 4382
2017/08/02 18:01:16.731  6249 2800988608 D503   TeamViewer_Desktop received NSWorkspaceSessionDidBecomeActiveNotification
2017/08/02 18:01:16.759  6243 2800988608 G503   TeamViewerGUI received NSWorkspaceSessionDidBecomeActiveNotification
2017/08/02 18:01:17.054  6249 2800988608 D503   DisplayReconfigurationFinished
2017/08/02 18:01:17.062  6249 2800988608 D503   Display found: Color LCD (1440x900) main: 1 / openGL: 0 / active: 1 / sleep: 0 / builtin: 1 / HiDPI: 0 / displayID: 69680128
2017/08/02 18:01:17.134  6243 2800988608 G503   DisplayReconfigurationFinished
2017/08/02 18:01:17.138  6243 2800988608 G503   Display found: Color LCD (1440x900) main: 1 / openGL: 0 / active: 1 / sleep: 0 / builtin: 1 / HiDPI: 0 / displayID: 69680128
2017/08/02 18:02:33.951  6243 2957156352 G503   CMainWindow::ShouldShowDynamicPassword(): dynPw=1 allowIncoming=1 id=878222676 ka=0 lanAllowed=0 lanOnly=0 networkState=1
2017/08/02 18:02:34.953  6243 2800988608 G503!!!Account::SetVisibility: not logged in, Errorcode=2
2017/08/02 18:03:56.580  6243 2800988608 G503   Received kAEQuitApplication, reason='rlgo'
2017/08/02 18:03:56.586  6243 2800988608 G503   applicationShouldTerminate
2017/08/02 18:03:56.587  6243 2800988608 G503   applicationWillTerminate
2017/08/02 18:03:56.587  6243 2800988608 G503   TVUserSessionSwitchHandler dealloc (NSWorkspaceSession)
2017/08/02 18:03:56.587  6243 2800988608 G503   UnRegisterSessionEvents (NSWorkspaceSession)
2017/08/02 18:03:56.592  6243 2800988608 G503   ShutDownOnce
2017/08/02 18:03:56.600  6243 2800988608 G503   CMessageLayer::DisplayBCommandMessage(): canceled
2017/08/02 18:03:56.601  6243 2957156352 G503   CTcpProcessConnector::HandleRead(): Socket gracefully closed (PID=70)
2017/08/02 18:03:56.601  6249 2959384576 D503   Received Control_DisconnectIPC processtype=2
2017/08/02 18:03:56.601  6243 2957156352 G503   CTcpProcessConnector::CloseConnection(): PID=70
2017/08/02 18:03:56.601  6243 2957156352 G503!  InterProcessBase::EventFunction(): IPC-Connection Closed
2017/08/02 18:03:56.601  6243 2957156352 G503   CTcpProcessConnector::CloseConnection(): PID=70
2017/08/02 18:03:56.602  6243 2957156352 G503!! CTcpProcessConnector::CloseConnection(): Shutdown socket returned error 57: Socket is not connected, Errorcode=57
2017/08/02 18:03:56.602  6243 2957156352 G503!! CTcpProcessConnector::CloseConnection(): Shutdown socket returned error 9: Bad file descriptor
2017/08/02 18:03:56.602  6243 2800988608 G503   TerminateOnce
2017/08/02 18:03:56.602  6249 2959384576 D503   Received Control_DisconnectIPC processtype=2
2017/08/02 18:03:57.066  6249 2800988608 D503   TVUserSessionSwitchHandler dealloc (NSWorkspaceSession)
2017/08/02 18:03:57.066  6249 2800988608 D503   UnRegisterSessionEvents (NSWorkspaceSession)
2017/08/02 18:03:57.066  6249 2800988608 D503   CServer::ShutDown: remoteControlSessionPresent=0, fromLocal=0, autoLockOnSessionEnd=0
2017/08/02 18:03:57.067  6249 2959384576 D503   CTcpProcessConnector::HandleRead(): Socket gracefully closed (PID=70)
2017/08/02 18:03:57.067  6249 2959384576 D503   CTcpProcessConnector::CloseConnection(): PID=70
2017/08/02 18:03:57.067  6249 2959384576 D503!  InterProcessBase::EventFunction(): IPC-Connection Closed
2017/08/02 18:03:57.067  6249 2959384576 D503   CTcpProcessConnector::CloseConnection(): PID=70
2017/08/02 18:03:57.067  6249 2959384576 D503!! CTcpProcessConnector::CloseConnection(): Shutdown socket returned error 57: Socket is not connected, Errorcode=57
2017/08/02 18:03:57.067  6249 2959384576 D503!! CTcpProcessConnector::CloseConnection(): Shutdown socket returned error 9: Bad file descriptor
2017/08/02 18:03:57.068  6249 2800988608 D503   TeamViewer_Desktop Stop
2017/08/03 08:33:24.095  7155 2961252352 D503   Logger started.
                    
                    
                    
Start:              2017/08/03 08:33:24.159 (GMT+2)
Version:            9.0.43731 
ID:                 0
Loglevel:           LogAll (0)
License:            0
Server:             master8.teamviewer.com
IC:                 0
CPU:                Intel(R) Core(TM) i5-4250U CPU @ 1.30GHz
CPU extensions:     g9
OS:                 OSX10.12i (64-bit)
IP:                 192.168.11.89
Proxy-Settings:     Type=1 IP= User=

2017/08/03 08:33:24.188  7155 2961252352 D503    
2017/08/03 08:33:24.188  7155 2961252352 D503   TeamViewer_Desktop Start, agent=1
2017/08/03 08:33:24.331  7155 2961252352 D503   Display found: Color LCD (1440x900) main: 1 / openGL: 0 / active: 1 / sleep: 0 / builtin: 1 / HiDPI: 0 / displayID: 69680128
2017/08/03 08:33:24.332  7155 2961252352 D503   registerSessionSwitchHandler (NSWorkspaceSession)
2017/08/03 08:33:24.333  7155 2961252352 D503   Opening local TCP connection to 127.0.0.1:5940
2017/08/03 08:33:24.334  7155 2961252352 D503   Local TCP connection established
2017/08/03 08:33:24.340  7155 2961252352 D503   Received Control_InitIPC_Response processtype=1
2017/08/03 08:33:24.340  7155 2961252352 D503   Received Control_InitIPC_Response runningProcesses=5
2017/08/03 08:33:24.340  7155 2961252352 D503   Control_InitIPC_Response: all processes 5 completely initialized
2017/08/03 08:33:24.707  7155 2961252352 D503   Received Control_InitIPC processtype=2
2017/08/03 08:33:24.110  7149 2800988608 G503   Logger started.
                    
                    
                    
Start:              2017/08/03 08:33:24.691 (GMT+2)
Version:            9.0.43731 
ID:                 0
Loglevel:           LogAll (0)
License:            0
Server:             master7.teamviewer.com
IC:                 0
CPU:                Intel(R) Core(TM) i5-4250U CPU @ 1.30GHz
CPU extensions:     g9
OS:                 OSX10.12i (64-bit)
IP:                 192.168.11.89
Proxy-Settings:     Type=1 IP= User=

2017/08/03 08:33:24.696  7149 2800988608 G503    
2017/08/03 08:33:24.696  7149 2800988608 G503   TeamViewer Start, agent=1
2017/08/03 08:33:24.699  7149 2800988608 G503   Opening local TCP connection to 127.0.0.1:5940, tcp?
2017/08/03 08:33:24.699  7149 2800988608 G503   Local TCP connection established
2017/08/03 08:33:24.707  7149 2800988608 G503   Received Control_InitIPC_Response processtype=1
2017/08/03 08:33:24.707  7149 2800988608 G503   Received Control_InitIPC_Response runningProcesses=7
2017/08/03 08:33:24.708  7149 2800988608 G503   Received Control_InitIPC_Response processtype=4
2017/08/03 08:33:24.712  7149 2800988608 G503   Control_InitIPC_Response: all processes 7 completely initialized
2017/08/03 08:33:25.846  7149 2800988608 G503   Display found: Color LCD (1440x900) main: 1 / openGL: 0 / active: 1 / sleep: 0 / builtin: 1 / HiDPI: 0 / displayID: 69680128
2017/08/03 08:33:25.851  7149 2800988608 G503   registerSessionSwitchHandler (NSWorkspaceSession)
2017/08/03 08:33:25.883  7149 2800988608 G503   Auto layout capable nib 'MainWindowRemoteControlViewAutoLayout' found!
2017/08/03 08:33:25.885  7149 2800988608 G503   Auto layout capable nib 'MainWindowMeetingViewAutoLayout' found!
2017/08/03 08:33:25.887  7149 2800988608 G503   Search crashLog
2017/08/03 08:33:25.913  7149 2959200256 G503   IDLabelContent::UpdateImpl() IDs changed: SessionID "878222676", TSUserID "0", ServerID "0"
2017/08/03 08:33:25.914  7149 2959200256 G503!  InterProcessGUI::ProcessBuddyCommand Command 38 not handled
2017/08/03 12:50:52.003  7149 2800988608 G503!!!Account::SetVisibility: not logged in, Errorcode=2
2017/08/03 12:56:09.037  7149 2800988608 G503!!!Account::SetVisibility: not logged in, Errorcode=2
2017/08/03 12:56:37.222  7149 2959200256 G503   CMainWindow::ShouldShowDynamicPassword(): dynPw=1 allowIncoming=1 id=878222676 ka=0 lanAllowed=0 lanOnly=0 networkState=1
