02.08.2017, 09:13:35: Log created
02.08.2017, 09:13:35 : **************************
02.08.2017, 09:13:35 : ARMAgent invoked...
02.08.2017, 09:13:35 : process id=2811, path: /Library/Application Support/Adobe/ARMDC/Application/Acrobat Update Helper.app
02.08.2017, 09:13:35 : ** Processing registration information for product com.adobe.reader.dc
02.08.2017, 09:13:35 :    PlistReader : Optional Plist key {ProductName} is not present.
02.08.2017, 09:13:35 :    PlistReader : Optional plist key {VersionExt} is not present.
02.08.2017, 09:13:35 :    PlistReader : Product registration plist parsing done.
02.08.2017, 09:13:35 :    ERROR Eula acceptance validation failed.
02.08.2017, 09:13:35 : ** Processing registration information for product com.adobe.reader.servicesupdater.dc
02.08.2017, 09:13:35 :    PlistReader : Optional Plist key {ProductName} is not present.
02.08.2017, 09:13:35 :    PlistReader : Product registration plist parsing done.
02.08.2017, 09:13:35 :    ERROR Eula acceptance validation failed.
02.08.2017, 09:13:35 : ** ARMAgent: All products are up-to-date, checking self update...
02.08.2017, 09:13:35 : ** Processing registration information for product com.adobe.ARMDCHelper
02.08.2017, 09:13:35 :    PlistReader : Optional Plist key {ProductName} is not present.
02.08.2017, 09:13:35 :    PlistReader : Optional plist key {VersionExt} is not present.
02.08.2017, 09:13:35 :    PlistReader : Optional plist key {FeatureLockDown} is not present.
02.08.2017, 09:13:35 :    PlistReader : Product registration plist parsing done.
02.08.2017, 09:13:35 :    Checking updates for product Acrobat Update Helper .
02.08.2017, 09:13:36 : URL 'https:/armmf.adobe.com/arm-manifests/mac/ARMDC/current_version.txt' contents: '1.0.14'
02.08.2017, 09:13:36 : Installed app '/Library/Application Support/Adobe/ARMDC/Application/Acrobat Update Helper.app' version: '1.0.14'
02.08.2017, 09:13:36 : ARM Bookkeeper : creating item at path {/Users/virginiakehl/Library/Preferences/Adobe/ARMDC/Support Files/com.adobe.ARMDCHelper.plist}, returned 1
02.08.2017, 09:13:36 : ARM Bookkeeper : Write contents at {/Users/virginiakehl/Library/Preferences/Adobe/ARMDC/Support Files/com.adobe.ARMDCHelper.plist} location
02.08.2017, 09:13:36 : No update available. Application Acrobat Update Helper is up-to-date. 
02.08.2017, 09:13:51 : ARMAgent done...
2 Aug 2017, 09:25:46 : **************************
2 Aug 2017, 09:25:46 : ARMAgent invoked...
2 Aug 2017, 09:25:46 : process id=806, path: /Library/Application Support/Adobe/ARMDC/Application/Acrobat Update Helper.app
2 Aug 2017, 09:25:46 : ** Processing registration information for product com.adobe.reader.dc
2 Aug 2017, 09:25:46 :    PlistReader : Optional Plist key {ProductName} is not present.
2 Aug 2017, 09:25:46 :    PlistReader : Optional plist key {VersionExt} is not present.
2 Aug 2017, 09:25:46 :    PlistReader : Product registration plist parsing done.
2 Aug 2017, 09:25:46 :    ERROR Eula acceptance validation failed.
2 Aug 2017, 09:25:46 : ** Processing registration information for product com.adobe.reader.servicesupdater.dc
2 Aug 2017, 09:25:46 :    PlistReader : Optional Plist key {ProductName} is not present.
2 Aug 2017, 09:25:46 :    PlistReader : Product registration plist parsing done.
2 Aug 2017, 09:25:46 :    ERROR Eula acceptance validation failed.
2 Aug 2017, 09:25:46 : ** ARMAgent: All products are up-to-date, checking self update...
2 Aug 2017, 09:25:46 : ** Processing registration information for product com.adobe.ARMDCHelper
2 Aug 2017, 09:25:46 :    PlistReader : Optional Plist key {ProductName} is not present.
2 Aug 2017, 09:25:46 :    PlistReader : Optional plist key {VersionExt} is not present.
2 Aug 2017, 09:25:46 :    PlistReader : Optional plist key {FeatureLockDown} is not present.
2 Aug 2017, 09:25:46 :    PlistReader : Product registration plist parsing done.
2 Aug 2017, 09:25:46 :    Recently checked for update, so not checking again.
2 Aug 2017, 09:26:01 : ARMAgent done...
2 Aug 2017, 14:26:32 : **************************
2 Aug 2017, 14:26:32 : ARMAgent invoked...
2 Aug 2017, 14:26:32 : process id=1563, path: /Library/Application Support/Adobe/ARMDC/Application/Acrobat Update Helper.app
2 Aug 2017, 14:26:32 : ** Processing registration information for product com.adobe.reader.dc
2 Aug 2017, 14:26:32 :    PlistReader : Optional Plist key {ProductName} is not present.
2 Aug 2017, 14:26:32 :    PlistReader : Optional plist key {VersionExt} is not present.
2 Aug 2017, 14:26:32 :    PlistReader : Product registration plist parsing done.
2 Aug 2017, 14:26:32 :    ERROR Eula acceptance validation failed.
2 Aug 2017, 14:26:32 : ** Processing registration information for product com.adobe.reader.servicesupdater.dc
2 Aug 2017, 14:26:32 :    PlistReader : Optional Plist key {ProductName} is not present.
2 Aug 2017, 14:26:32 :    PlistReader : Product registration plist parsing done.
2 Aug 2017, 14:26:32 :    ERROR Eula acceptance validation failed.
2 Aug 2017, 14:26:32 : ** ARMAgent: All products are up-to-date, checking self update...
2 Aug 2017, 14:26:32 : ** Processing registration information for product com.adobe.ARMDCHelper
2 Aug 2017, 14:26:32 :    PlistReader : Optional Plist key {ProductName} is not present.
2 Aug 2017, 14:26:32 :    PlistReader : Optional plist key {VersionExt} is not present.
2 Aug 2017, 14:26:32 :    PlistReader : Optional plist key {FeatureLockDown} is not present.
2 Aug 2017, 14:26:32 :    PlistReader : Product registration plist parsing done.
2 Aug 2017, 14:26:32 :    Recently checked for update, so not checking again.
2 Aug 2017, 14:26:47 : ARMAgent done...
2 Aug 2017, 17:20:59 : **************************
2 Aug 2017, 17:20:59 : ARMAgent invoked...
2 Aug 2017, 17:20:59 : process id=1522, path: /Library/Application Support/Adobe/ARMDC/Application/Acrobat Update Helper.app
2 Aug 2017, 17:20:59 : ** Processing registration information for product com.adobe.reader.dc
2 Aug 2017, 17:21:00 :    PlistReader : Optional Plist key {ProductName} is not present.
2 Aug 2017, 17:21:00 :    PlistReader : Optional plist key {VersionExt} is not present.
2 Aug 2017, 17:21:00 :    PlistReader : Product registration plist parsing done.
2 Aug 2017, 17:21:00 :    ERROR Eula acceptance validation failed.
2 Aug 2017, 17:21:00 : ** Processing registration information for product com.adobe.reader.servicesupdater.dc
2 Aug 2017, 17:21:00 :    PlistReader : Optional Plist key {ProductName} is not present.
2 Aug 2017, 17:21:00 :    PlistReader : Product registration plist parsing done.
2 Aug 2017, 17:21:00 :    ERROR Eula acceptance validation failed.
2 Aug 2017, 17:21:00 : ** ARMAgent: All products are up-to-date, checking self update...
2 Aug 2017, 17:21:01 : ** Processing registration information for product com.adobe.ARMDCHelper
2 Aug 2017, 17:21:01 :    PlistReader : Optional Plist key {ProductName} is not present.
2 Aug 2017, 17:21:01 :    PlistReader : Optional plist key {VersionExt} is not present.
2 Aug 2017, 17:21:01 :    PlistReader : Optional plist key {FeatureLockDown} is not present.
2 Aug 2017, 17:21:01 :    PlistReader : Product registration plist parsing done.
2 Aug 2017, 17:21:01 :    Recently checked for update, so not checking again.
2 Aug 2017, 17:21:16 : ARMAgent done...
2 Aug 2017, 17:56:46 : **************************
2 Aug 2017, 17:56:46 : ARMAgent invoked...
2 Aug 2017, 17:56:46 : process id=6237, path: /Library/Application Support/Adobe/ARMDC/Application/Acrobat Update Helper.app
2 Aug 2017, 17:56:46 : ** Processing registration information for product com.adobe.reader.dc
2 Aug 2017, 17:56:46 :    PlistReader : Optional Plist key {ProductName} is not present.
2 Aug 2017, 17:56:46 :    PlistReader : Optional plist key {VersionExt} is not present.
2 Aug 2017, 17:56:46 :    PlistReader : Product registration plist parsing done.
2 Aug 2017, 17:56:46 :    ERROR Eula acceptance validation failed.
2 Aug 2017, 17:56:46 : ** Processing registration information for product com.adobe.reader.servicesupdater.dc
2 Aug 2017, 17:56:46 :    PlistReader : Optional Plist key {ProductName} is not present.
2 Aug 2017, 17:56:46 :    PlistReader : Product registration plist parsing done.
2 Aug 2017, 17:56:46 :    ERROR Eula acceptance validation failed.
2 Aug 2017, 17:56:46 : ** ARMAgent: All products are up-to-date, checking self update...
2 Aug 2017, 17:56:46 : ** Processing registration information for product com.adobe.ARMDCHelper
2 Aug 2017, 17:56:46 :    PlistReader : Optional Plist key {ProductName} is not present.
2 Aug 2017, 17:56:46 :    PlistReader : Optional plist key {VersionExt} is not present.
2 Aug 2017, 17:56:46 :    PlistReader : Optional plist key {FeatureLockDown} is not present.
2 Aug 2017, 17:56:46 :    PlistReader : Product registration plist parsing done.
2 Aug 2017, 17:56:46 :    Recently checked for update, so not checking again.
2 Aug 2017, 17:57:01 : ARMAgent done...
3 Aug 2017, 08:33:22 : **************************
3 Aug 2017, 08:33:22 : ARMAgent invoked...
3 Aug 2017, 08:33:22 : process id=7143, path: /Library/Application Support/Adobe/ARMDC/Application/Acrobat Update Helper.app
3 Aug 2017, 08:33:23 : ** Processing registration information for product com.adobe.reader.dc
3 Aug 2017, 08:33:23 :    PlistReader : Optional Plist key {ProductName} is not present.
3 Aug 2017, 08:33:23 :    PlistReader : Optional plist key {VersionExt} is not present.
3 Aug 2017, 08:33:23 :    PlistReader : Product registration plist parsing done.
3 Aug 2017, 08:33:23 :    ERROR Eula acceptance validation failed.
3 Aug 2017, 08:33:23 : ** Processing registration information for product com.adobe.reader.servicesupdater.dc
3 Aug 2017, 08:33:23 :    PlistReader : Optional Plist key {ProductName} is not present.
3 Aug 2017, 08:33:23 :    PlistReader : Product registration plist parsing done.
3 Aug 2017, 08:33:23 :    ERROR Eula acceptance validation failed.
3 Aug 2017, 08:33:23 : ** ARMAgent: All products are up-to-date, checking self update...
3 Aug 2017, 08:33:23 : ** Processing registration information for product com.adobe.ARMDCHelper
3 Aug 2017, 08:33:23 :    PlistReader : Optional Plist key {ProductName} is not present.
3 Aug 2017, 08:33:23 :    PlistReader : Optional plist key {VersionExt} is not present.
3 Aug 2017, 08:33:23 :    PlistReader : Optional plist key {FeatureLockDown} is not present.
3 Aug 2017, 08:33:23 :    PlistReader : Product registration plist parsing done.
3 Aug 2017, 08:33:23 :    Recently checked for update, so not checking again.
3 Aug 2017, 08:33:38 : ARMAgent done...
3 Aug 2017, 12:03:38 : **************************
3 Aug 2017, 12:03:38 : ARMAgent invoked...
3 Aug 2017, 12:03:38 : process id=10680, path: /Library/Application Support/Adobe/ARMDC/Application/Acrobat Update Helper.app
3 Aug 2017, 12:03:38 : ** Processing registration information for product com.adobe.reader.dc
3 Aug 2017, 12:03:38 :    PlistReader : Optional Plist key {ProductName} is not present.
3 Aug 2017, 12:03:38 :    PlistReader : Optional plist key {VersionExt} is not present.
3 Aug 2017, 12:03:38 :    PlistReader : Product registration plist parsing done.
3 Aug 2017, 12:03:38 :    ERROR Eula acceptance validation failed.
3 Aug 2017, 12:03:38 : ** Processing registration information for product com.adobe.reader.servicesupdater.dc
3 Aug 2017, 12:03:38 :    PlistReader : Optional Plist key {ProductName} is not present.
3 Aug 2017, 12:03:38 :    PlistReader : Product registration plist parsing done.
3 Aug 2017, 12:03:38 :    ERROR Eula acceptance validation failed.
3 Aug 2017, 12:03:38 : ** ARMAgent: All products are up-to-date, checking self update...
3 Aug 2017, 12:03:38 : ** Processing registration information for product com.adobe.ARMDCHelper
3 Aug 2017, 12:03:38 :    PlistReader : Optional Plist key {ProductName} is not present.
3 Aug 2017, 12:03:38 :    PlistReader : Optional plist key {VersionExt} is not present.
3 Aug 2017, 12:03:38 :    PlistReader : Optional plist key {FeatureLockDown} is not present.
3 Aug 2017, 12:03:38 :    PlistReader : Product registration plist parsing done.
3 Aug 2017, 12:03:38 :    Recently checked for update, so not checking again.
3 Aug 2017, 12:03:53 : ARMAgent done...
